Using pre-set license
Built from '2020.3/staging' branch; Version is '2020.3.0f1 (c7b5465681fb) revision 13088070'; Using compiler version '192528614'; Build Type 'Release'
OS: 'Windows 10 Home; OS build 19041.867; Version 2004; 64bit' Language: 'en' Physical Memory: 32694 MB
BatchMode: 1, IsHumanControllingUs: 0, StartBugReporterOnCrash: 0, Is64bit: 1, IsPro: 0

 COMMAND LINE ARGUMENTS:
C:\Program Files\Unity\Hub\Editor\2020.3.0f1\Editor\Unity.exe
-adb2
-batchMode
-noUpm
-name
AssetImportWorker0
-projectPath
C:/Users/Chester/Documents/Unity Projects/Ray Runner
-logFile
Logs/AssetImportWorker0.log
-srvPort
64599
Successfully changed project path to: C:/Users/Chester/Documents/Unity Projects/Ray Runner
C:/Users/Chester/Documents/Unity Projects/Ray Runner
Using Asset Import Pipeline V2.
Refreshing native plugins compatible for Editor in 26.52 ms, found 0 plugins.
Preloading 0 native plugins for Editor in 0.00 ms.
Initialize engine version: 2020.3.0f1 (c7b5465681fb)
[Subsystems] Discovering subsystems at path C:/Program Files/Unity/Hub/Editor/2020.3.0f1/Editor/Data/Resources/UnitySubsystems
[Subsystems] Discovering subsystems at path C:/Users/Chester/Documents/Unity Projects/Ray Runner/Assets
GfxDevice: creating device client; threaded=0
Direct3D:
    Version:  Direct3D 11.0 [level 11.1]
    Renderer: NVIDIA GeForce GTX 1060 6GB (ID=0x1c03)
    Vendor:   
    VRAM:     6052 MB
    Driver:   27.21.14.6172
Initialize mono
Mono path[0] = 'C:/Program Files/Unity/Hub/Editor/2020.3.0f1/Editor/Data/Managed'
Mono path[1] = 'C:/Program Files/Unity/Hub/Editor/2020.3.0f1/Editor/Data/MonoBleedingEdge/lib/mono/unityjit'
Mono config path = 'C:/Program Files/Unity/Hub/Editor/2020.3.0f1/Editor/Data/MonoBleedingEdge/etc'
Using monoOptions --debugger-agent=transport=dt_socket,embedding=1,server=y,suspend=n,address=127.0.0.1:56828
Begin MonoManager ReloadAssembly
Registering precompiled unity dll's ...
Register platform support module: C:/Program Files/Unity/Hub/Editor/2020.3.0f1/Editor/Data/PlaybackEngines/WebGLSupport/UnityEditor.WebGL.Extensions.dll
Register platform support module: C:/Program Files/Unity/Hub/Editor/2020.3.0f1/Editor/Data/PlaybackEngines/WindowsStandaloneSupport/UnityEditor.WindowsStandalone.Extensions.dll
Registered in 0.003628 seconds.
Native extension for WindowsStandalone target not found
Native extension for WebGL target not found
Refreshing native plugins compatible for Editor in 29.53 ms, found 0 plugins.
Preloading 0 native plugins for Editor in 0.00 ms.
Invoked RoslynAnalysisRunner static constructor.
RoslynAnalysisRunner will not be running.
RoslynAnalysisRunner has terminated.
Mono: successfully reloaded assembly
- Completed reload, in  1.486 seconds
Platform modules already initialized, skipping
Registering precompiled user dll's ...
Registered in 0.001053 seconds.
Begin MonoManager ReloadAssembly
Native extension for WindowsStandalone target not found
Native extension for WebGL target not found
Refreshing native plugins compatible for Editor in 0.23 ms, found 0 plugins.
Preloading 0 native plugins for Editor in 0.00 ms.
Invoked RoslynAnalysisRunner static constructor.
RoslynAnalysisRunner will not be running.
RoslynAnalysisRunner has terminated.
Mono: successfully reloaded assembly
- Completed reload, in  0.981 seconds
Platform modules already initialized, skipping
========================================================================
Worker process is ready to serve import requests
Launched and connected shader compiler UnityShaderCompiler.exe after 0.05 seconds
Refreshing native plugins compatible for Editor in 0.22 ms, found 0 plugins.
Preloading 0 native plugins for Editor in 0.00 ms.
Unloading 1115 Unused Serialized files (Serialized files now loaded: 0)
System memory in use before: 59.7 MB.
System memory in use after: 59.8 MB.

Unloading 10 unused Assets to reduce memory usage. Loaded Objects now: 1558.
Total: 1.824900 ms (FindLiveObjects: 0.161800 ms CreateObjectMapping: 0.030800 ms MarkObjects: 1.544300 ms  DeleteObjects: 0.086600 ms)

========================================================================
Received Import Request.
  path: Assets/Materials
  artifactKey: Guid(1dea4632651337c458ac2944df22a254) Importer(815301076,1909f56bfc062723c751e8b465ee728b)
Start importing Assets/Materials using Guid(1dea4632651337c458ac2944df22a254) Importer(815301076,1909f56bfc062723c751e8b465ee728b)  -> (artifact id: '73493e02f00ddcd1478c1bcd5523f553') in 0.011595 seconds
  Import took 0.013800 seconds .

========================================================================
Received Import Request.
  Time since last request: 2.530043 seconds.
  path: Assets/Materials/Player.mat
  artifactKey: Guid(21721af6af1c5fe4aba14f6585c4e1f4) Importer(815301076,1909f56bfc062723c751e8b465ee728b)
Start importing Assets/Materials/Player.mat using Guid(21721af6af1c5fe4aba14f6585c4e1f4) Importer(815301076,1909f56bfc062723c751e8b465ee728b)  -> (artifact id: 'de67b8713346f30404c52b7044f921f6') in 0.127899 seconds
  Import took 0.130229 seconds .

========================================================================
Received Import Request.
  Time since last request: 27.225705 seconds.
  path: Assets/Materials/Player.mat
  artifactKey: Guid(21721af6af1c5fe4aba14f6585c4e1f4) Importer(815301076,1909f56bfc062723c751e8b465ee728b)
Start importing Assets/Materials/Player.mat using Guid(21721af6af1c5fe4aba14f6585c4e1f4) Importer(815301076,1909f56bfc062723c751e8b465ee728b)  -> (artifact id: 'bf0f2b1a0a86a5b73c2fd36242940ed0') in 0.018257 seconds
  Import took 0.020490 seconds .

========================================================================
Received Import Request.
  Time since last request: 8.214860 seconds.
  path: Assets/Materials/Terrain.mat
  artifactKey: Guid(32a1992e1b725be408105c1b93b68f97) Importer(815301076,1909f56bfc062723c751e8b465ee728b)
Start importing Assets/Materials/Terrain.mat using Guid(32a1992e1b725be408105c1b93b68f97) Importer(815301076,1909f56bfc062723c751e8b465ee728b)  -> (artifact id: 'fa3cbc580bc050aa72045ec49593375f') in 0.022631 seconds
  Import took 0.024855 seconds .

========================================================================
Received Import Request.
  Time since last request: 29.273650 seconds.
  path: Assets/Materials/Terrain.mat
  artifactKey: Guid(32a1992e1b725be408105c1b93b68f97) Importer(815301076,1909f56bfc062723c751e8b465ee728b)
Start importing Assets/Materials/Terrain.mat using Guid(32a1992e1b725be408105c1b93b68f97) Importer(815301076,1909f56bfc062723c751e8b465ee728b)  -> (artifact id: '4925817f137205f69d10db25c89bd78b') in 0.016671 seconds
  Import took 0.018927 seconds .

========================================================================
Received Import Request.
  Time since last request: 11.891342 seconds.
  path: Assets/Materials/Hazard.mat
  artifactKey: Guid(3b4b262d2696033448ffef3e028418a6) Importer(815301076,1909f56bfc062723c751e8b465ee728b)
Start importing Assets/Materials/Hazard.mat using Guid(3b4b262d2696033448ffef3e028418a6) Importer(815301076,1909f56bfc062723c751e8b465ee728b)  -> (artifact id: '0b601c93b63e4f4fc32e9992c6c7c939') in 0.015396 seconds
  Import took 0.017640 seconds .

========================================================================
Received Import Request.
  Time since last request: 24.070894 seconds.
  path: Assets/Materials/Hazard.mat
  artifactKey: Guid(3b4b262d2696033448ffef3e028418a6) Importer(815301076,1909f56bfc062723c751e8b465ee728b)
Start importing Assets/Materials/Hazard.mat using Guid(3b4b262d2696033448ffef3e028418a6) Importer(815301076,1909f56bfc062723c751e8b465ee728b)  -> (artifact id: '55c75ebd1a3a97e6bbcb794f125cc43f') in 0.016369 seconds
  Import took 0.018774 seconds .

========================================================================
Received Import Request.
  Time since last request: 59.777994 seconds.
  path: Assets/Prefabs/Obstacles/Debris_2.prefab
  artifactKey: Guid(18a6b8383f6cf304e9f7e98e12641642) Importer(815301076,1909f56bfc062723c751e8b465ee728b)
Start importing Assets/Prefabs/Obstacles/Debris_2.prefab using Guid(18a6b8383f6cf304e9f7e98e12641642) Importer(815301076,1909f56bfc062723c751e8b465ee728b)  -> (artifact id: 'bbef8f8ba4c4e673d234c4cb3bd73abd') in 0.033732 seconds
  Import took 0.036024 seconds .

========================================================================
Received Import Request.
  Time since last request: 38.477599 seconds.
  path: Assets/Prefabs/Obstacles/Brick.prefab
  artifactKey: Guid(399d11764dcc1654db53388a4e188352) Importer(815301076,1909f56bfc062723c751e8b465ee728b)
Start importing Assets/Prefabs/Obstacles/Brick.prefab using Guid(399d11764dcc1654db53388a4e188352) Importer(815301076,1909f56bfc062723c751e8b465ee728b)  -> (artifact id: '0ff1161e94e208098ab64ec8193ff56f') in 0.033869 seconds
  Import took 0.036267 seconds .

========================================================================
Received Import Request.
  Time since last request: 0.000203 seconds.
  path: Assets/Prefabs/Obstacles/Wall_3.prefab
  artifactKey: Guid(6d71b36120f95b54abacbe8294497c7f) Importer(815301076,1909f56bfc062723c751e8b465ee728b)
Start importing Assets/Prefabs/Obstacles/Wall_3.prefab using Guid(6d71b36120f95b54abacbe8294497c7f) Importer(815301076,1909f56bfc062723c751e8b465ee728b)  -> (artifact id: '56fa493090e40b78ab812569bdc59eb3') in 0.021455 seconds
  Import took 0.023612 seconds .

========================================================================
Received Import Request.
  Time since last request: 0.000281 seconds.
  path: Assets/Prefabs/Obstacles/Wall_1.prefab
  artifactKey: Guid(46afc4d12978f524087b3c88e0f39293) Importer(815301076,1909f56bfc062723c751e8b465ee728b)
Start importing Assets/Prefabs/Obstacles/Wall_1.prefab using Guid(46afc4d12978f524087b3c88e0f39293) Importer(815301076,1909f56bfc062723c751e8b465ee728b)  -> (artifact id: '80e3691e62ee23907461210f363bf898') in 0.028380 seconds
  Import took 0.030785 seconds .

========================================================================
Received Import Request.
  Time since last request: 0.000251 seconds.
  path: Assets/Prefabs/Obstacles/Wall_2.prefab
  artifactKey: Guid(0becdbc27793f084d96ff50e8654a0bd) Importer(815301076,1909f56bfc062723c751e8b465ee728b)
Start importing Assets/Prefabs/Obstacles/Wall_2.prefab using Guid(0becdbc27793f084d96ff50e8654a0bd) Importer(815301076,1909f56bfc062723c751e8b465ee728b)  -> (artifact id: '59ed6e5fc0cb99cf3f0fd7da1810a565') in 0.021652 seconds
  Import took 0.023901 seconds .

========================================================================
Received Import Request.
  Time since last request: 0.000243 seconds.
  path: Assets/Prefabs/Obstacles/Car.prefab
  artifactKey: Guid(f3ca853595868c44fa41830d51f01273) Importer(815301076,1909f56bfc062723c751e8b465ee728b)
Start importing Assets/Prefabs/Obstacles/Car.prefab using Guid(f3ca853595868c44fa41830d51f01273) Importer(815301076,1909f56bfc062723c751e8b465ee728b)  -> (artifact id: 'a1b3465b43168a9d309a4fcf33578d8f') in 0.021667 seconds
  Import took 0.023710 seconds .

========================================================================
Received Import Request.
  Time since last request: 0.000226 seconds.
  path: Assets/Prefabs/Obstacles/Debris_1.prefab
  artifactKey: Guid(a1ceb8f04231308488c5b4253b2e19e0) Importer(815301076,1909f56bfc062723c751e8b465ee728b)
Start importing Assets/Prefabs/Obstacles/Debris_1.prefab using Guid(a1ceb8f04231308488c5b4253b2e19e0) Importer(815301076,1909f56bfc062723c751e8b465ee728b)  -> (artifact id: '7416517b748790eac2e002d85240f2c3') in 0.028345 seconds
  Import took 0.030576 seconds .

========================================================================
Received Import Request.
  Time since last request: 0.000196 seconds.
  path: Assets/Prefabs/Obstacles/Debris_3.prefab
  artifactKey: Guid(0b3b93ae392695e4192b619aeafdc8cb) Importer(815301076,1909f56bfc062723c751e8b465ee728b)
Start importing Assets/Prefabs/Obstacles/Debris_3.prefab using Guid(0b3b93ae392695e4192b619aeafdc8cb) Importer(815301076,1909f56bfc062723c751e8b465ee728b)  -> (artifact id: 'b187a6016e7465678abdd34fe2a30910') in 0.025485 seconds
  Import took 0.027420 seconds .

========================================================================
Received Import Request.
  Time since last request: 0.000176 seconds.
  path: Assets/Prefabs/Obstacles/Debris_1.prefab
  artifactKey: Guid(a1ceb8f04231308488c5b4253b2e19e0) Importer(815301076,1909f56bfc062723c751e8b465ee728b)
Start importing Assets/Prefabs/Obstacles/Debris_1.prefab using Guid(a1ceb8f04231308488c5b4253b2e19e0) Importer(815301076,1909f56bfc062723c751e8b465ee728b)  -> (artifact id: '7416517b748790eac2e002d85240f2c3') in 0.011542 seconds
  Import took 0.013569 seconds .

========================================================================
Received Import Request.
  Time since last request: 0.000212 seconds.
  path: Assets/Prefabs/Obstacles/Debris_2.prefab
  artifactKey: Guid(18a6b8383f6cf304e9f7e98e12641642) Importer(815301076,1909f56bfc062723c751e8b465ee728b)
Start importing Assets/Prefabs/Obstacles/Debris_2.prefab using Guid(18a6b8383f6cf304e9f7e98e12641642) Importer(815301076,1909f56bfc062723c751e8b465ee728b)  -> (artifact id: '6a171f9e6851a8feb9864353cd808cd5') in 0.017692 seconds
  Import took 0.019738 seconds .

========================================================================
Received Prepare
Registering precompiled user dll's ...
Registered in 0.000865 seconds.
Begin MonoManager ReloadAssembly
Native extension for WindowsStandalone target not found
Native extension for WebGL target not found
Refreshing native plugins compatible for Editor in 0.36 ms, found 0 plugins.
Preloading 0 native plugins for Editor in 0.00 ms.
Invoked RoslynAnalysisRunner static constructor.
RoslynAnalysisRunner will not be running.
RoslynAnalysisRunner has terminated.
Mono: successfully reloaded assembly
- Completed reload, in  0.970 seconds
Platform modules already initialized, skipping
Refreshing native plugins compatible for Editor in 0.23 ms, found 0 plugins.
Preloading 0 native plugins for Editor in 0.00 ms.
Unloading 1110 Unused Serialized files (Serialized files now loaded: 0)
System memory in use before: 63.1 MB.
System memory in use after: 63.1 MB.

Unloading 6 unused Assets to reduce memory usage. Loaded Objects now: 1601.
Total: 1.829300 ms (FindLiveObjects: 0.176200 ms CreateObjectMapping: 0.030700 ms MarkObjects: 1.535500 ms  DeleteObjects: 0.085900 ms)

========================================================================
Received Import Request.
  Time since last request: 184.824683 seconds.
  path: Assets/Scripts/obstacles.cs
  artifactKey: Guid(292c8d72abdf1964daf230b50ff984b6) Importer(815301076,1909f56bfc062723c751e8b465ee728b)
Start importing Assets/Scripts/obstacles.cs using Guid(292c8d72abdf1964daf230b50ff984b6) Importer(815301076,1909f56bfc062723c751e8b465ee728b)  -> (artifact id: '5d812738c5825b36c3b40eb40e6ed0f4') in 0.022689 seconds
  Import took 0.024985 seconds .

========================================================================
Received Prepare
Registering precompiled user dll's ...
Registered in 0.001062 seconds.
Begin MonoManager ReloadAssembly
Native extension for WindowsStandalone target not found
Native extension for WebGL target not found
Refreshing native plugins compatible for Editor in 0.23 ms, found 0 plugins.
Preloading 0 native plugins for Editor in 0.00 ms.
Invoked RoslynAnalysisRunner static constructor.
RoslynAnalysisRunner will not be running.
RoslynAnalysisRunner has terminated.
Mono: successfully reloaded assembly
- Completed reload, in  0.932 seconds
Platform modules already initialized, skipping
Refreshing native plugins compatible for Editor in 0.23 ms, found 0 plugins.
Preloading 0 native plugins for Editor in 0.00 ms.
Unloading 1111 Unused Serialized files (Serialized files now loaded: 0)
System memory in use before: 63.1 MB.
System memory in use after: 63.2 MB.

Unloading 5 unused Assets to reduce memory usage. Loaded Objects now: 1605.
Total: 1.823400 ms (FindLiveObjects: 0.164600 ms CreateObjectMapping: 0.030400 ms MarkObjects: 1.559800 ms  DeleteObjects: 0.067400 ms)

========================================================================
Received Prepare
Registering precompiled user dll's ...
Registered in 0.000937 seconds.
Begin MonoManager ReloadAssembly
Native extension for WindowsStandalone target not found
Native extension for WebGL target not found
Refreshing native plugins compatible for Editor in 0.23 ms, found 0 plugins.
Preloading 0 native plugins for Editor in 0.00 ms.
Invoked RoslynAnalysisRunner static constructor.
RoslynAnalysisRunner will not be running.
RoslynAnalysisRunner has terminated.
Mono: successfully reloaded assembly
- Completed reload, in  0.924 seconds
Platform modules already initialized, skipping
Refreshing native plugins compatible for Editor in 0.23 ms, found 0 plugins.
Preloading 0 native plugins for Editor in 0.00 ms.
Unloading 1111 Unused Serialized files (Serialized files now loaded: 0)
System memory in use before: 63.1 MB.
System memory in use after: 63.2 MB.

Unloading 5 unused Assets to reduce memory usage. Loaded Objects now: 1608.
Total: 1.766000 ms (FindLiveObjects: 0.147900 ms CreateObjectMapping: 0.031500 ms MarkObjects: 1.529500 ms  DeleteObjects: 0.056100 ms)

========================================================================
Received Prepare
Registering precompiled user dll's ...
Registered in 0.000934 seconds.
Begin MonoManager ReloadAssembly
Native extension for WindowsStandalone target not found
Native extension for WebGL target not found
Refreshing native plugins compatible for Editor in 0.22 ms, found 0 plugins.
Preloading 0 native plugins for Editor in 0.00 ms.
Invoked RoslynAnalysisRunner static constructor.
RoslynAnalysisRunner will not be running.
RoslynAnalysisRunner has terminated.
Mono: successfully reloaded assembly
- Completed reload, in  0.900 seconds
Platform modules already initialized, skipping
Refreshing native plugins compatible for Editor in 0.23 ms, found 0 plugins.
Preloading 0 native plugins for Editor in 0.00 ms.
Unloading 1111 Unused Serialized files (Serialized files now loaded: 0)
System memory in use before: 63.1 MB.
System memory in use after: 63.2 MB.

Unloading 5 unused Assets to reduce memory usage. Loaded Objects now: 1611.
Total: 1.779800 ms (FindLiveObjects: 0.163000 ms CreateObjectMapping: 0.030000 ms MarkObjects: 1.527200 ms  DeleteObjects: 0.058500 ms)

========================================================================
Received Prepare
Registering precompiled user dll's ...
Registered in 0.000962 seconds.
Begin MonoManager ReloadAssembly
Native extension for WindowsStandalone target not found
Native extension for WebGL target not found
Refreshing native plugins compatible for Editor in 0.24 ms, found 0 plugins.
Preloading 0 native plugins for Editor in 0.00 ms.
Invoked RoslynAnalysisRunner static constructor.
RoslynAnalysisRunner will not be running.
RoslynAnalysisRunner has terminated.
Mono: successfully reloaded assembly
- Completed reload, in  0.909 seconds
Platform modules already initialized, skipping
Refreshing native plugins compatible for Editor in 0.22 ms, found 0 plugins.
Preloading 0 native plugins for Editor in 0.00 ms.
Unloading 1111 Unused Serialized files (Serialized files now loaded: 0)
System memory in use before: 63.1 MB.
System memory in use after: 63.2 MB.

Unloading 5 unused Assets to reduce memory usage. Loaded Objects now: 1614.
Total: 1.970800 ms (FindLiveObjects: 0.172800 ms CreateObjectMapping: 0.033100 ms MarkObjects: 1.690600 ms  DeleteObjects: 0.072200 ms)

========================================================================
Received Import Request.
  Time since last request: 441.910119 seconds.
  path: ProjectSettings/TagManager.asset
  artifactKey: Guid(00000000000000003000000000000000) Importer(815301076,1909f56bfc062723c751e8b465ee728b)
Start importing ProjectSettings/TagManager.asset using Guid(00000000000000003000000000000000) Importer(815301076,1909f56bfc062723c751e8b465ee728b)  -> (artifact id: 'e58c32c74971579209c983feef23e212') in 0.022492 seconds
  Import took 0.024755 seconds .

========================================================================
Received Import Request.
  Time since last request: 30.310851 seconds.
  path: Assets/Prefabs/Obstacles/Brick.prefab
  artifactKey: Guid(399d11764dcc1654db53388a4e188352) Importer(815301076,1909f56bfc062723c751e8b465ee728b)
Start importing Assets/Prefabs/Obstacles/Brick.prefab using Guid(399d11764dcc1654db53388a4e188352) Importer(815301076,1909f56bfc062723c751e8b465ee728b)  -> (artifact id: 'c7db30f638e1eb7b6f6fb956f0b4990a') in 0.057323 seconds
  Import took 0.059629 seconds .

========================================================================
Received Import Request.
  Time since last request: 0.000218 seconds.
  path: Assets/Prefabs/Obstacles/Wall_3.prefab
  artifactKey: Guid(6d71b36120f95b54abacbe8294497c7f) Importer(815301076,1909f56bfc062723c751e8b465ee728b)
Start importing Assets/Prefabs/Obstacles/Wall_3.prefab using Guid(6d71b36120f95b54abacbe8294497c7f) Importer(815301076,1909f56bfc062723c751e8b465ee728b)  -> (artifact id: '17808228b15446599970b49a4bab7195') in 0.015982 seconds
  Import took 0.017979 seconds .

========================================================================
Received Import Request.
  Time since last request: 0.000243 seconds.
  path: Assets/Prefabs/Obstacles/Wall_1.prefab
  artifactKey: Guid(46afc4d12978f524087b3c88e0f39293) Importer(815301076,1909f56bfc062723c751e8b465ee728b)
Start importing Assets/Prefabs/Obstacles/Wall_1.prefab using Guid(46afc4d12978f524087b3c88e0f39293) Importer(815301076,1909f56bfc062723c751e8b465ee728b)  -> (artifact id: 'd242b1a817c8594804f8ccf67f9feb17') in 0.011173 seconds
  Import took 0.013431 seconds .

========================================================================
Received Import Request.
  Time since last request: 0.000224 seconds.
  path: Assets/Prefabs/Obstacles/Wall_2.prefab
  artifactKey: Guid(0becdbc27793f084d96ff50e8654a0bd) Importer(815301076,1909f56bfc062723c751e8b465ee728b)
Start importing Assets/Prefabs/Obstacles/Wall_2.prefab using Guid(0becdbc27793f084d96ff50e8654a0bd) Importer(815301076,1909f56bfc062723c751e8b465ee728b)  -> (artifact id: '7372fc9bc1be8ac2911257b23bfa8b97') in 0.016753 seconds
  Import took 0.018901 seconds .

========================================================================
Received Import Request.
  Time since last request: 0.000221 seconds.
  path: Assets/Prefabs/Obstacles/Car.prefab
  artifactKey: Guid(f3ca853595868c44fa41830d51f01273) Importer(815301076,1909f56bfc062723c751e8b465ee728b)
Start importing Assets/Prefabs/Obstacles/Car.prefab using Guid(f3ca853595868c44fa41830d51f01273) Importer(815301076,1909f56bfc062723c751e8b465ee728b)  -> (artifact id: '568989acaad7c5954e9ab02e67c80899') in 0.011770 seconds
  Import took 0.014054 seconds .

========================================================================
Received Import Request.
  Time since last request: 0.000222 seconds.
  path: Assets/Prefabs/Obstacles/Debris_1.prefab
  artifactKey: Guid(a1ceb8f04231308488c5b4253b2e19e0) Importer(815301076,1909f56bfc062723c751e8b465ee728b)
Start importing Assets/Prefabs/Obstacles/Debris_1.prefab using Guid(a1ceb8f04231308488c5b4253b2e19e0) Importer(815301076,1909f56bfc062723c751e8b465ee728b)  -> (artifact id: 'f912f36c2f8f1afaaa891915eb4de5ef') in 0.012297 seconds
  Import took 0.014386 seconds .

========================================================================
Received Import Request.
  Time since last request: 0.000197 seconds.
  path: Assets/Prefabs/Obstacles/Debris_3.prefab
  artifactKey: Guid(0b3b93ae392695e4192b619aeafdc8cb) Importer(815301076,1909f56bfc062723c751e8b465ee728b)
Start importing Assets/Prefabs/Obstacles/Debris_3.prefab using Guid(0b3b93ae392695e4192b619aeafdc8cb) Importer(815301076,1909f56bfc062723c751e8b465ee728b)  -> (artifact id: '253b7d6138291baaf6d4f9d0129045b4') in 0.012492 seconds
  Import took 0.014742 seconds .

========================================================================
Received Import Request.
  Time since last request: 0.000271 seconds.
  path: Assets/Prefabs/Obstacles/Debris_1.prefab
  artifactKey: Guid(a1ceb8f04231308488c5b4253b2e19e0) Importer(815301076,1909f56bfc062723c751e8b465ee728b)
Start importing Assets/Prefabs/Obstacles/Debris_1.prefab using Guid(a1ceb8f04231308488c5b4253b2e19e0) Importer(815301076,1909f56bfc062723c751e8b465ee728b)  -> (artifact id: 'f912f36c2f8f1afaaa891915eb4de5ef') in 0.011766 seconds
  Import took 0.013914 seconds .

========================================================================
Received Import Request.
  Time since last request: 0.000189 seconds.
  path: Assets/Prefabs/Obstacles/Debris_2.prefab
  artifactKey: Guid(18a6b8383f6cf304e9f7e98e12641642) Importer(815301076,1909f56bfc062723c751e8b465ee728b)
Start importing Assets/Prefabs/Obstacles/Debris_2.prefab using Guid(18a6b8383f6cf304e9f7e98e12641642) Importer(815301076,1909f56bfc062723c751e8b465ee728b)  -> (artifact id: '0645ec89258f081f1e55dff2db954575') in 0.021143 seconds
  Import took 0.023409 seconds .

========================================================================
Received Prepare
Registering precompiled user dll's ...
Registered in 0.000899 seconds.
Begin MonoManager ReloadAssembly
Native extension for WindowsStandalone target not found
Native extension for WebGL target not found
Refreshing native plugins compatible for Editor in 0.24 ms, found 0 plugins.
Preloading 0 native plugins for Editor in 0.00 ms.
Invoked RoslynAnalysisRunner static constructor.
RoslynAnalysisRunner will not be running.
RoslynAnalysisRunner has terminated.
Mono: successfully reloaded assembly
- Completed reload, in  0.925 seconds
Platform modules already initialized, skipping
Refreshing native plugins compatible for Editor in 0.23 ms, found 0 plugins.
Preloading 0 native plugins for Editor in 0.00 ms.
Unloading 1111 Unused Serialized files (Serialized files now loaded: 0)
System memory in use before: 63.2 MB.
System memory in use after: 63.2 MB.

Unloading 6 unused Assets to reduce memory usage. Loaded Objects now: 1618.
Total: 1.776500 ms (FindLiveObjects: 0.150300 ms CreateObjectMapping: 0.031400 ms MarkObjects: 1.533700 ms  DeleteObjects: 0.059900 ms)

========================================================================
Received Prepare
Registering precompiled user dll's ...
Registered in 0.000897 seconds.
Begin MonoManager ReloadAssembly
Native extension for WindowsStandalone target not found
Native extension for WebGL target not found
Refreshing native plugins compatible for Editor in 0.23 ms, found 0 plugins.
Preloading 0 native plugins for Editor in 0.00 ms.
Invoked RoslynAnalysisRunner static constructor.
RoslynAnalysisRunner will not be running.
RoslynAnalysisRunner has terminated.
Mono: successfully reloaded assembly
- Completed reload, in  0.912 seconds
Platform modules already initialized, skipping
Refreshing native plugins compatible for Editor in 0.22 ms, found 0 plugins.
Preloading 0 native plugins for Editor in 0.00 ms.
Unloading 1111 Unused Serialized files (Serialized files now loaded: 0)
System memory in use before: 63.2 MB.
System memory in use after: 63.2 MB.

Unloading 5 unused Assets to reduce memory usage. Loaded Objects now: 1621.
Total: 1.831700 ms (FindLiveObjects: 0.178300 ms CreateObjectMapping: 0.033200 ms MarkObjects: 1.560900 ms  DeleteObjects: 0.058300 ms)

========================================================================
Received Prepare
Registering precompiled user dll's ...
Registered in 0.000837 seconds.
Begin MonoManager ReloadAssembly
Native extension for WindowsStandalone target not found
Native extension for WebGL target not found
Refreshing native plugins compatible for Editor in 0.30 ms, found 0 plugins.
Preloading 0 native plugins for Editor in 0.00 ms.
Invoked RoslynAnalysisRunner static constructor.
RoslynAnalysisRunner will not be running.
RoslynAnalysisRunner has terminated.
Mono: successfully reloaded assembly
- Completed reload, in  0.912 seconds
Platform modules already initialized, skipping
Refreshing native plugins compatible for Editor in 0.23 ms, found 0 plugins.
Preloading 0 native plugins for Editor in 0.00 ms.
Unloading 1111 Unused Serialized files (Serialized files now loaded: 0)
System memory in use before: 63.2 MB.
System memory in use after: 63.2 MB.

Unloading 5 unused Assets to reduce memory usage. Loaded Objects now: 1624.
Total: 1.954800 ms (FindLiveObjects: 0.183900 ms CreateObjectMapping: 0.031000 ms MarkObjects: 1.672400 ms  DeleteObjects: 0.065700 ms)

========================================================================
Received Prepare
Registering precompiled user dll's ...
Registered in 0.000926 seconds.
Begin MonoManager ReloadAssembly
Native extension for WindowsStandalone target not found
Native extension for WebGL target not found
Refreshing native plugins compatible for Editor in 0.23 ms, found 0 plugins.
Preloading 0 native plugins for Editor in 0.00 ms.
Invoked RoslynAnalysisRunner static constructor.
RoslynAnalysisRunner will not be running.
RoslynAnalysisRunner has terminated.
Mono: successfully reloaded assembly
- Completed reload, in  0.892 seconds
Platform modules already initialized, skipping
Refreshing native plugins compatible for Editor in 0.23 ms, found 0 plugins.
Preloading 0 native plugins for Editor in 0.00 ms.
Unloading 1111 Unused Serialized files (Serialized files now loaded: 0)
System memory in use before: 63.2 MB.
System memory in use after: 63.3 MB.

Unloading 5 unused Assets to reduce memory usage. Loaded Objects now: 1627.
Total: 1.967600 ms (FindLiveObjects: 0.302300 ms CreateObjectMapping: 0.067800 ms MarkObjects: 1.534000 ms  DeleteObjects: 0.061600 ms)

========================================================================
Received Import Request.
  Time since last request: 206.598990 seconds.
  path: Assets/Prefabs/Obstacles/Brick.prefab
  artifactKey: Guid(399d11764dcc1654db53388a4e188352) Importer(815301076,1909f56bfc062723c751e8b465ee728b)
Start importing Assets/Prefabs/Obstacles/Brick.prefab using Guid(399d11764dcc1654db53388a4e188352) Importer(815301076,1909f56bfc062723c751e8b465ee728b)  -> (artifact id: 'f2d6c03e812f2ab42a38e18f8226f009') in 0.068548 seconds
  Import took 0.070898 seconds .

========================================================================
Received Import Request.
  Time since last request: 0.000188 seconds.
  path: Assets/Prefabs/Obstacles/Wall_3.prefab
  artifactKey: Guid(6d71b36120f95b54abacbe8294497c7f) Importer(815301076,1909f56bfc062723c751e8b465ee728b)
Start importing Assets/Prefabs/Obstacles/Wall_3.prefab using Guid(6d71b36120f95b54abacbe8294497c7f) Importer(815301076,1909f56bfc062723c751e8b465ee728b)  -> (artifact id: 'e14389821dec32a3719845814ca61047') in 0.013284 seconds
  Import took 0.015860 seconds .

========================================================================
Received Import Request.
  Time since last request: 0.000228 seconds.
  path: Assets/Prefabs/Obstacles/Wall_1.prefab
  artifactKey: Guid(46afc4d12978f524087b3c88e0f39293) Importer(815301076,1909f56bfc062723c751e8b465ee728b)
Start importing Assets/Prefabs/Obstacles/Wall_1.prefab using Guid(46afc4d12978f524087b3c88e0f39293) Importer(815301076,1909f56bfc062723c751e8b465ee728b)  -> (artifact id: '9fbc48262f5f7ef018833101dd33609f') in 0.016038 seconds
  Import took 0.018308 seconds .

========================================================================
Received Import Request.
  Time since last request: 0.000234 seconds.
  path: Assets/Prefabs/Obstacles/Wall_2.prefab
  artifactKey: Guid(0becdbc27793f084d96ff50e8654a0bd) Importer(815301076,1909f56bfc062723c751e8b465ee728b)
Start importing Assets/Prefabs/Obstacles/Wall_2.prefab using Guid(0becdbc27793f084d96ff50e8654a0bd) Importer(815301076,1909f56bfc062723c751e8b465ee728b)  -> (artifact id: '783dcee5893a2e0ce122b5b755f80e2b') in 0.013118 seconds
  Import took 0.015388 seconds .

========================================================================
Received Import Request.
  Time since last request: 0.000225 seconds.
  path: Assets/Prefabs/Obstacles/Car.prefab
  artifactKey: Guid(f3ca853595868c44fa41830d51f01273) Importer(815301076,1909f56bfc062723c751e8b465ee728b)
Start importing Assets/Prefabs/Obstacles/Car.prefab using Guid(f3ca853595868c44fa41830d51f01273) Importer(815301076,1909f56bfc062723c751e8b465ee728b)  -> (artifact id: '9c9a9837791bf9af95dc41d18d2fecb4') in 0.018522 seconds
  Import took 0.020491 seconds .

========================================================================
Received Import Request.
  Time since last request: 0.000197 seconds.
  path: Assets/Prefabs/Obstacles/Debris_1.prefab
  artifactKey: Guid(a1ceb8f04231308488c5b4253b2e19e0) Importer(815301076,1909f56bfc062723c751e8b465ee728b)
Start importing Assets/Prefabs/Obstacles/Debris_1.prefab using Guid(a1ceb8f04231308488c5b4253b2e19e0) Importer(815301076,1909f56bfc062723c751e8b465ee728b)  -> (artifact id: 'f063804e956f388d0e54291b9bcf7da9') in 0.017914 seconds
  Import took 0.020222 seconds .

========================================================================
Received Import Request.
  Time since last request: 0.000174 seconds.
  path: Assets/Prefabs/Obstacles/Debris_3.prefab
  artifactKey: Guid(0b3b93ae392695e4192b619aeafdc8cb) Importer(815301076,1909f56bfc062723c751e8b465ee728b)
Start importing Assets/Prefabs/Obstacles/Debris_3.prefab using Guid(0b3b93ae392695e4192b619aeafdc8cb) Importer(815301076,1909f56bfc062723c751e8b465ee728b)  -> (artifact id: 'bd553c5ce0141a5e1bc48819a3b813e8') in 0.013515 seconds
  Import took 0.015520 seconds .

========================================================================
Received Import Request.
  Time since last request: 0.000174 seconds.
  path: Assets/Prefabs/Obstacles/Debris_2.prefab
  artifactKey: Guid(18a6b8383f6cf304e9f7e98e12641642) Importer(815301076,1909f56bfc062723c751e8b465ee728b)
Start importing Assets/Prefabs/Obstacles/Debris_2.prefab using Guid(18a6b8383f6cf304e9f7e98e12641642) Importer(815301076,1909f56bfc062723c751e8b465ee728b)  -> (artifact id: '2604a200d6c016614d64f7f8ddebe248') in 0.013433 seconds
  Import took 0.015936 seconds .

========================================================================
Received Prepare
Registering precompiled user dll's ...
Registered in 0.000859 seconds.
Begin MonoManager ReloadAssembly
Native extension for WindowsStandalone target not found
Native extension for WebGL target not found
Refreshing native plugins compatible for Editor in 0.22 ms, found 0 plugins.
Preloading 0 native plugins for Editor in 0.00 ms.
Invoked RoslynAnalysisRunner static constructor.
RoslynAnalysisRunner will not be running.
RoslynAnalysisRunner has terminated.
Mono: successfully reloaded assembly
- Completed reload, in  0.890 seconds
Platform modules already initialized, skipping
Refreshing native plugins compatible for Editor in 0.23 ms, found 0 plugins.
Preloading 0 native plugins for Editor in 0.00 ms.
Unloading 1111 Unused Serialized files (Serialized files now loaded: 0)
System memory in use before: 63.2 MB.
System memory in use after: 63.3 MB.

Unloading 5 unused Assets to reduce memory usage. Loaded Objects now: 1631.
Total: 1.797700 ms (FindLiveObjects: 0.178200 ms CreateObjectMapping: 0.031400 ms MarkObjects: 1.525300 ms  DeleteObjects: 0.061500 ms)

========================================================================
Received Import Request.
  Time since last request: 81.420806 seconds.
  path: Assets/Prefabs/Obstacles/Brick.prefab
  artifactKey: Guid(399d11764dcc1654db53388a4e188352) Importer(815301076,1909f56bfc062723c751e8b465ee728b)
Start importing Assets/Prefabs/Obstacles/Brick.prefab using Guid(399d11764dcc1654db53388a4e188352) Importer(815301076,1909f56bfc062723c751e8b465ee728b)  -> (artifact id: 'eade133de5677c60d4e43f2cf5f9947d') in 0.065982 seconds
  Import took 0.068375 seconds .

========================================================================
Received Import Request.
  Time since last request: 0.000255 seconds.
  path: Assets/Prefabs/Obstacles/Wall_3.prefab
  artifactKey: Guid(6d71b36120f95b54abacbe8294497c7f) Importer(815301076,1909f56bfc062723c751e8b465ee728b)
Start importing Assets/Prefabs/Obstacles/Wall_3.prefab using Guid(6d71b36120f95b54abacbe8294497c7f) Importer(815301076,1909f56bfc062723c751e8b465ee728b)  -> (artifact id: '10feb4bdfdf1d4dc30802d9cb201580e') in 0.011477 seconds
  Import took 0.013770 seconds .

========================================================================
Received Import Request.
  Time since last request: 0.000187 seconds.
  path: Assets/Prefabs/Obstacles/Wall_1.prefab
  artifactKey: Guid(46afc4d12978f524087b3c88e0f39293) Importer(815301076,1909f56bfc062723c751e8b465ee728b)
Start importing Assets/Prefabs/Obstacles/Wall_1.prefab using Guid(46afc4d12978f524087b3c88e0f39293) Importer(815301076,1909f56bfc062723c751e8b465ee728b)  -> (artifact id: '968bd2a69679cf4b6bf7015f604d20c6') in 0.013448 seconds
  Import took 0.015667 seconds .

========================================================================
Received Import Request.
  Time since last request: 0.000257 seconds.
  path: Assets/Prefabs/Obstacles/Wall_2.prefab
  artifactKey: Guid(0becdbc27793f084d96ff50e8654a0bd) Importer(815301076,1909f56bfc062723c751e8b465ee728b)
Start importing Assets/Prefabs/Obstacles/Wall_2.prefab using Guid(0becdbc27793f084d96ff50e8654a0bd) Importer(815301076,1909f56bfc062723c751e8b465ee728b)  -> (artifact id: '574d90e82745f336f6f7a3b703a96c68') in 0.012658 seconds
  Import took 0.015026 seconds .

========================================================================
Received Import Request.
  Time since last request: 0.000224 seconds.
  path: Assets/Prefabs/Obstacles/Car.prefab
  artifactKey: Guid(f3ca853595868c44fa41830d51f01273) Importer(815301076,1909f56bfc062723c751e8b465ee728b)
Start importing Assets/Prefabs/Obstacles/Car.prefab using Guid(f3ca853595868c44fa41830d51f01273) Importer(815301076,1909f56bfc062723c751e8b465ee728b)  -> (artifact id: '1347d88fadb3969e9d9d3aa2d393d251') in 0.011386 seconds
  Import took 0.013626 seconds .

========================================================================
Received Import Request.
  Time since last request: 0.000218 seconds.
  path: Assets/Prefabs/Obstacles/Debris_1.prefab
  artifactKey: Guid(a1ceb8f04231308488c5b4253b2e19e0) Importer(815301076,1909f56bfc062723c751e8b465ee728b)
Start importing Assets/Prefabs/Obstacles/Debris_1.prefab using Guid(a1ceb8f04231308488c5b4253b2e19e0) Importer(815301076,1909f56bfc062723c751e8b465ee728b)  -> (artifact id: '644e73e7028eb6d8d68ad74ed4e4177f') in 0.013350 seconds
  Import took 0.015467 seconds .

========================================================================
Received Import Request.
  Time since last request: 0.000210 seconds.
  path: Assets/Prefabs/Obstacles/Debris_3.prefab
  artifactKey: Guid(0b3b93ae392695e4192b619aeafdc8cb) Importer(815301076,1909f56bfc062723c751e8b465ee728b)
Start importing Assets/Prefabs/Obstacles/Debris_3.prefab using Guid(0b3b93ae392695e4192b619aeafdc8cb) Importer(815301076,1909f56bfc062723c751e8b465ee728b)  -> (artifact id: '851dcb03b53a6476840fe788b3485fff') in 0.013118 seconds
  Import took 0.015094 seconds .

========================================================================
Received Import Request.
  Time since last request: 0.000224 seconds.
  path: Assets/Prefabs/Obstacles/Debris_2.prefab
  artifactKey: Guid(18a6b8383f6cf304e9f7e98e12641642) Importer(815301076,1909f56bfc062723c751e8b465ee728b)
Start importing Assets/Prefabs/Obstacles/Debris_2.prefab using Guid(18a6b8383f6cf304e9f7e98e12641642) Importer(815301076,1909f56bfc062723c751e8b465ee728b)  -> (artifact id: '7403b0af4d757c8795d29f59922d3fa0') in 0.016456 seconds
  Import took 0.018625 seconds .

========================================================================
Received Import Request.
  Time since last request: 7.730820 seconds.
  path: Assets/Prefabs/Obstacles/Brick.prefab
  artifactKey: Guid(399d11764dcc1654db53388a4e188352) Importer(815301076,1909f56bfc062723c751e8b465ee728b)
Start importing Assets/Prefabs/Obstacles/Brick.prefab using Guid(399d11764dcc1654db53388a4e188352) Importer(815301076,1909f56bfc062723c751e8b465ee728b)  -> (artifact id: 'dd3dc9d3e707e12bfc3741651b3e8f9d') in 0.017749 seconds
  Import took 0.020011 seconds .

========================================================================
Received Import Request.
  Time since last request: 0.018185 seconds.
  path: Assets/Prefabs/Obstacles/Brick.prefab
  artifactKey: Guid(399d11764dcc1654db53388a4e188352) Importer(815301076,1909f56bfc062723c751e8b465ee728b)
Start importing Assets/Prefabs/Obstacles/Brick.prefab using Guid(399d11764dcc1654db53388a4e188352) Importer(815301076,1909f56bfc062723c751e8b465ee728b)  -> (artifact id: 'dd3dc9d3e707e12bfc3741651b3e8f9d') in 0.011394 seconds
  Import took 0.013670 seconds .

========================================================================
Received Import Request.
  Time since last request: 0.000186 seconds.
  path: Assets/Prefabs/Obstacles/Wall_3.prefab
  artifactKey: Guid(6d71b36120f95b54abacbe8294497c7f) Importer(815301076,1909f56bfc062723c751e8b465ee728b)
Start importing Assets/Prefabs/Obstacles/Wall_3.prefab using Guid(6d71b36120f95b54abacbe8294497c7f) Importer(815301076,1909f56bfc062723c751e8b465ee728b)  -> (artifact id: '654f4487dee697b8ae99a2bf6a85be5c') in 0.020715 seconds
  Import took 0.022767 seconds .

========================================================================
Received Import Request.
  Time since last request: 0.000205 seconds.
  path: Assets/Prefabs/Obstacles/Wall_1.prefab
  artifactKey: Guid(46afc4d12978f524087b3c88e0f39293) Importer(815301076,1909f56bfc062723c751e8b465ee728b)
Start importing Assets/Prefabs/Obstacles/Wall_1.prefab using Guid(46afc4d12978f524087b3c88e0f39293) Importer(815301076,1909f56bfc062723c751e8b465ee728b)  -> (artifact id: '08b4bd7b03c4889c3c79318122f217a8') in 0.012859 seconds
  Import took 0.015162 seconds .

========================================================================
Received Import Request.
  Time since last request: 0.000223 seconds.
  path: Assets/Prefabs/Obstacles/Wall_2.prefab
  artifactKey: Guid(0becdbc27793f084d96ff50e8654a0bd) Importer(815301076,1909f56bfc062723c751e8b465ee728b)
Start importing Assets/Prefabs/Obstacles/Wall_2.prefab using Guid(0becdbc27793f084d96ff50e8654a0bd) Importer(815301076,1909f56bfc062723c751e8b465ee728b)  -> (artifact id: '07abeab6de2251cb06e0862098088caf') in 0.012161 seconds
  Import took 0.014230 seconds .

========================================================================
Received Import Request.
  Time since last request: 0.000191 seconds.
  path: Assets/Prefabs/Obstacles/Car.prefab
  artifactKey: Guid(f3ca853595868c44fa41830d51f01273) Importer(815301076,1909f56bfc062723c751e8b465ee728b)
Start importing Assets/Prefabs/Obstacles/Car.prefab using Guid(f3ca853595868c44fa41830d51f01273) Importer(815301076,1909f56bfc062723c751e8b465ee728b)  -> (artifact id: 'd955b968c2879c79d45b6c8c65d29bbd') in 0.011967 seconds
  Import took 0.013983 seconds .

========================================================================
Received Import Request.
  Time since last request: 0.000222 seconds.
  path: Assets/Prefabs/Obstacles/Debris_1.prefab
  artifactKey: Guid(a1ceb8f04231308488c5b4253b2e19e0) Importer(815301076,1909f56bfc062723c751e8b465ee728b)
Start importing Assets/Prefabs/Obstacles/Debris_1.prefab using Guid(a1ceb8f04231308488c5b4253b2e19e0) Importer(815301076,1909f56bfc062723c751e8b465ee728b)  -> (artifact id: 'b2d40f5f1c7c9633ad2c3c5b9ca7c1f3') in 0.011869 seconds
  Import took 0.014222 seconds .

========================================================================
Received Import Request.
  Time since last request: 0.000171 seconds.
  path: Assets/Prefabs/Obstacles/Debris_3.prefab
  artifactKey: Guid(0b3b93ae392695e4192b619aeafdc8cb) Importer(815301076,1909f56bfc062723c751e8b465ee728b)
Start importing Assets/Prefabs/Obstacles/Debris_3.prefab using Guid(0b3b93ae392695e4192b619aeafdc8cb) Importer(815301076,1909f56bfc062723c751e8b465ee728b)  -> (artifact id: '9ae7867a8b6aea0b26deced52c4780fd') in 0.018796 seconds
  Import took 0.020892 seconds .

========================================================================
Received Import Request.
  Time since last request: 0.000179 seconds.
  path: Assets/Prefabs/Obstacles/Debris_2.prefab
  artifactKey: Guid(18a6b8383f6cf304e9f7e98e12641642) Importer(815301076,1909f56bfc062723c751e8b465ee728b)
Start importing Assets/Prefabs/Obstacles/Debris_2.prefab using Guid(18a6b8383f6cf304e9f7e98e12641642) Importer(815301076,1909f56bfc062723c751e8b465ee728b)  -> (artifact id: '5ff55e0bca8331dc6d1596d25405b1a0') in 0.012136 seconds
  Import took 0.014222 seconds .

========================================================================
Received Import Request.
  Time since last request: 0.011959 seconds.
  path: Assets/Prefabs/Obstacles/Debris_2.prefab
  artifactKey: Guid(18a6b8383f6cf304e9f7e98e12641642) Importer(815301076,1909f56bfc062723c751e8b465ee728b)
Start importing Assets/Prefabs/Obstacles/Debris_2.prefab using Guid(18a6b8383f6cf304e9f7e98e12641642) Importer(815301076,1909f56bfc062723c751e8b465ee728b)  -> (artifact id: '5ff55e0bca8331dc6d1596d25405b1a0') in 0.020484 seconds
  Import took 0.022802 seconds .

========================================================================
Received Prepare
Registering precompiled user dll's ...
Registered in 0.000968 seconds.
Begin MonoManager ReloadAssembly
Native extension for WindowsStandalone target not found
Native extension for WebGL target not found
Refreshing native plugins compatible for Editor in 0.28 ms, found 0 plugins.
Preloading 0 native plugins for Editor in 0.00 ms.
Invoked RoslynAnalysisRunner static constructor.
RoslynAnalysisRunner will not be running.
RoslynAnalysisRunner has terminated.
Mono: successfully reloaded assembly
- Completed reload, in  0.942 seconds
Platform modules already initialized, skipping
Refreshing native plugins compatible for Editor in 0.26 ms, found 0 plugins.
Preloading 0 native plugins for Editor in 0.00 ms.
Unloading 1111 Unused Serialized files (Serialized files now loaded: 0)
System memory in use before: 63.2 MB.
System memory in use after: 63.3 MB.

Unloading 5 unused Assets to reduce memory usage. Loaded Objects now: 1635.
Total: 2.024300 ms (FindLiveObjects: 0.219200 ms CreateObjectMapping: 0.031900 ms MarkObjects: 1.706200 ms  DeleteObjects: 0.065800 ms)

========================================================================
Received Prepare
Registering precompiled user dll's ...
Registered in 0.000893 seconds.
Begin MonoManager ReloadAssembly
Native extension for WindowsStandalone target not found
Native extension for WebGL target not found
Refreshing native plugins compatible for Editor in 0.23 ms, found 0 plugins.
Preloading 0 native plugins for Editor in 0.00 ms.
Invoked RoslynAnalysisRunner static constructor.
RoslynAnalysisRunner will not be running.
RoslynAnalysisRunner has terminated.
Mono: successfully reloaded assembly
- Completed reload, in  0.919 seconds
Platform modules already initialized, skipping
Refreshing native plugins compatible for Editor in 0.22 ms, found 0 plugins.
Preloading 0 native plugins for Editor in 0.00 ms.
Unloading 1111 Unused Serialized files (Serialized files now loaded: 0)
System memory in use before: 63.3 MB.
System memory in use after: 63.3 MB.

Unloading 5 unused Assets to reduce memory usage. Loaded Objects now: 1638.
Total: 1.838500 ms (FindLiveObjects: 0.186700 ms CreateObjectMapping: 0.031700 ms MarkObjects: 1.555500 ms  DeleteObjects: 0.063300 ms)

========================================================================
Received Prepare
Registering precompiled user dll's ...
Registered in 0.000901 seconds.
Begin MonoManager ReloadAssembly
Native extension for WindowsStandalone target not found
Native extension for WebGL target not found
Refreshing native plugins compatible for Editor in 0.23 ms, found 0 plugins.
Preloading 0 native plugins for Editor in 0.00 ms.
Invoked RoslynAnalysisRunner static constructor.
RoslynAnalysisRunner will not be running.
RoslynAnalysisRunner has terminated.
Mono: successfully reloaded assembly
- Completed reload, in  0.901 seconds
Platform modules already initialized, skipping
Refreshing native plugins compatible for Editor in 0.23 ms, found 0 plugins.
Preloading 0 native plugins for Editor in 0.00 ms.
Unloading 1111 Unused Serialized files (Serialized files now loaded: 0)
System memory in use before: 63.3 MB.
System memory in use after: 63.3 MB.

Unloading 5 unused Assets to reduce memory usage. Loaded Objects now: 1641.
Total: 1.856900 ms (FindLiveObjects: 0.174200 ms CreateObjectMapping: 0.030700 ms MarkObjects: 1.587100 ms  DeleteObjects: 0.063800 ms)

========================================================================
Received Prepare
Registering precompiled user dll's ...
Registered in 0.000867 seconds.
Begin MonoManager ReloadAssembly
Native extension for WindowsStandalone target not found
Native extension for WebGL target not found
Refreshing native plugins compatible for Editor in 0.23 ms, found 0 plugins.
Preloading 0 native plugins for Editor in 0.00 ms.
Invoked RoslynAnalysisRunner static constructor.
RoslynAnalysisRunner will not be running.
RoslynAnalysisRunner has terminated.
Mono: successfully reloaded assembly
- Completed reload, in  0.901 seconds
Platform modules already initialized, skipping
Refreshing native plugins compatible for Editor in 0.23 ms, found 0 plugins.
Preloading 0 native plugins for Editor in 0.00 ms.
Unloading 1111 Unused Serialized files (Serialized files now loaded: 0)
System memory in use before: 63.3 MB.
System memory in use after: 63.3 MB.

Unloading 5 unused Assets to reduce memory usage. Loaded Objects now: 1644.
Total: 1.883800 ms (FindLiveObjects: 0.176600 ms CreateObjectMapping: 0.031200 ms MarkObjects: 1.612400 ms  DeleteObjects: 0.062500 ms)

========================================================================
Received Prepare
Registering precompiled user dll's ...
Registered in 0.000893 seconds.
Begin MonoManager ReloadAssembly
Native extension for WindowsStandalone target not found
Native extension for WebGL target not found
Refreshing native plugins compatible for Editor in 0.23 ms, found 0 plugins.
Preloading 0 native plugins for Editor in 0.00 ms.
Invoked RoslynAnalysisRunner static constructor.
RoslynAnalysisRunner will not be running.
RoslynAnalysisRunner has terminated.
Mono: successfully reloaded assembly
- Completed reload, in  0.902 seconds
Platform modules already initialized, skipping
Refreshing native plugins compatible for Editor in 0.22 ms, found 0 plugins.
Preloading 0 native plugins for Editor in 0.00 ms.
Unloading 1111 Unused Serialized files (Serialized files now loaded: 0)
System memory in use before: 63.3 MB.
System memory in use after: 63.3 MB.

Unloading 5 unused Assets to reduce memory usage. Loaded Objects now: 1647.
Total: 1.884700 ms (FindLiveObjects: 0.209400 ms CreateObjectMapping: 0.033400 ms MarkObjects: 1.576600 ms  DeleteObjects: 0.064300 ms)

========================================================================
Received Prepare
Registering precompiled user dll's ...
Registered in 0.000940 seconds.
Begin MonoManager ReloadAssembly
Native extension for WindowsStandalone target not found
Native extension for WebGL target not found
Refreshing native plugins compatible for Editor in 0.23 ms, found 0 plugins.
Preloading 0 native plugins for Editor in 0.00 ms.
Invoked RoslynAnalysisRunner static constructor.
RoslynAnalysisRunner will not be running.
RoslynAnalysisRunner has terminated.
Mono: successfully reloaded assembly
- Completed reload, in  0.896 seconds
Platform modules already initialized, skipping
Refreshing native plugins compatible for Editor in 0.26 ms, found 0 plugins.
Preloading 0 native plugins for Editor in 0.00 ms.
Unloading 1111 Unused Serialized files (Serialized files now loaded: 0)
System memory in use before: 63.3 MB.
System memory in use after: 63.3 MB.

Unloading 5 unused Assets to reduce memory usage. Loaded Objects now: 1650.
Total: 1.844600 ms (FindLiveObjects: 0.191000 ms CreateObjectMapping: 0.033200 ms MarkObjects: 1.557700 ms  DeleteObjects: 0.060600 ms)

========================================================================
Received Prepare
Registering precompiled user dll's ...
Registered in 0.000889 seconds.
Begin MonoManager ReloadAssembly
Native extension for WindowsStandalone target not found
Native extension for WebGL target not found
Refreshing native plugins compatible for Editor in 0.30 ms, found 0 plugins.
Preloading 0 native plugins for Editor in 0.00 ms.
Invoked RoslynAnalysisRunner static constructor.
RoslynAnalysisRunner will not be running.
RoslynAnalysisRunner has terminated.
Mono: successfully reloaded assembly
- Completed reload, in  0.931 seconds
Platform modules already initialized, skipping
Refreshing native plugins compatible for Editor in 0.26 ms, found 0 plugins.
Preloading 0 native plugins for Editor in 0.00 ms.
Unloading 1111 Unused Serialized files (Serialized files now loaded: 0)
System memory in use before: 63.3 MB.
System memory in use after: 63.4 MB.

Unloading 5 unused Assets to reduce memory usage. Loaded Objects now: 1653.
Total: 2.205000 ms (FindLiveObjects: 0.221200 ms CreateObjectMapping: 0.038900 ms MarkObjects: 1.870800 ms  DeleteObjects: 0.073100 ms)

========================================================================
Received Prepare
Registering precompiled user dll's ...
Registered in 0.000924 seconds.
Begin MonoManager ReloadAssembly
Native extension for WindowsStandalone target not found
Native extension for WebGL target not found
Refreshing native plugins compatible for Editor in 0.30 ms, found 0 plugins.
Preloading 0 native plugins for Editor in 0.00 ms.
Invoked RoslynAnalysisRunner static constructor.
RoslynAnalysisRunner will not be running.
RoslynAnalysisRunner has terminated.
Mono: successfully reloaded assembly
- Completed reload, in  0.905 seconds
Platform modules already initialized, skipping
Refreshing native plugins compatible for Editor in 0.23 ms, found 0 plugins.
Preloading 0 native plugins for Editor in 0.00 ms.
Unloading 1111 Unused Serialized files (Serialized files now loaded: 0)
System memory in use before: 63.3 MB.
System memory in use after: 63.4 MB.

Unloading 5 unused Assets to reduce memory usage. Loaded Objects now: 1656.
Total: 1.907100 ms (FindLiveObjects: 0.187400 ms CreateObjectMapping: 0.031900 ms MarkObjects: 1.621000 ms  DeleteObjects: 0.065500 ms)

========================================================================
Received Prepare
Registering precompiled user dll's ...
Registered in 0.000858 seconds.
Begin MonoManager ReloadAssembly
Native extension for WindowsStandalone target not found
Native extension for WebGL target not found
Refreshing native plugins compatible for Editor in 0.24 ms, found 0 plugins.
Preloading 0 native plugins for Editor in 0.00 ms.
Invoked RoslynAnalysisRunner static constructor.
RoslynAnalysisRunner will not be running.
RoslynAnalysisRunner has terminated.
Mono: successfully reloaded assembly
- Completed reload, in  0.895 seconds
Platform modules already initialized, skipping
Refreshing native plugins compatible for Editor in 0.31 ms, found 0 plugins.
Preloading 0 native plugins for Editor in 0.00 ms.
Unloading 1111 Unused Serialized files (Serialized files now loaded: 0)
System memory in use before: 63.3 MB.
System memory in use after: 63.4 MB.

Unloading 5 unused Assets to reduce memory usage. Loaded Objects now: 1659.
Total: 1.964800 ms (FindLiveObjects: 0.173300 ms CreateObjectMapping: 0.031400 ms MarkObjects: 1.699600 ms  DeleteObjects: 0.059400 ms)

========================================================================
Received Prepare
Registering precompiled user dll's ...
Registered in 0.000938 seconds.
Begin MonoManager ReloadAssembly
Native extension for WindowsStandalone target not found
Native extension for WebGL target not found
Refreshing native plugins compatible for Editor in 0.23 ms, found 0 plugins.
Preloading 0 native plugins for Editor in 0.00 ms.
Invoked RoslynAnalysisRunner static constructor.
RoslynAnalysisRunner will not be running.
RoslynAnalysisRunner has terminated.
Mono: successfully reloaded assembly
- Completed reload, in  0.913 seconds
Platform modules already initialized, skipping
Refreshing native plugins compatible for Editor in 0.23 ms, found 0 plugins.
Preloading 0 native plugins for Editor in 0.00 ms.
Unloading 1111 Unused Serialized files (Serialized files now loaded: 0)
System memory in use before: 63.3 MB.
System memory in use after: 63.4 MB.

Unloading 5 unused Assets to reduce memory usage. Loaded Objects now: 1662.
Total: 1.926400 ms (FindLiveObjects: 0.246300 ms CreateObjectMapping: 0.043400 ms MarkObjects: 1.575200 ms  DeleteObjects: 0.060500 ms)

========================================================================
Received Import Request.
  Time since last request: 593.183781 seconds.
  path: Assets/Prefabs/Obstacles/Wall_3.prefab
  artifactKey: Guid(6d71b36120f95b54abacbe8294497c7f) Importer(815301076,1909f56bfc062723c751e8b465ee728b)
Start importing Assets/Prefabs/Obstacles/Wall_3.prefab using Guid(6d71b36120f95b54abacbe8294497c7f) Importer(815301076,1909f56bfc062723c751e8b465ee728b)  -> (artifact id: '2098865709cd2f9f09760a743b778bdb') in 0.061986 seconds
  Import took 0.064195 seconds .

========================================================================
Received Import Request.
  Time since last request: 0.000177 seconds.
  path: Assets/Prefabs/Obstacles/Wall_1.prefab
  artifactKey: Guid(46afc4d12978f524087b3c88e0f39293) Importer(815301076,1909f56bfc062723c751e8b465ee728b)
Start importing Assets/Prefabs/Obstacles/Wall_1.prefab using Guid(46afc4d12978f524087b3c88e0f39293) Importer(815301076,1909f56bfc062723c751e8b465ee728b)  -> (artifact id: 'faf79d8f99699c54981ab0da5ea62745') in 0.012243 seconds
  Import took 0.014308 seconds .

========================================================================
Received Import Request.
  Time since last request: 0.000183 seconds.
  path: Assets/Prefabs/Obstacles/Brick.prefab
  artifactKey: Guid(399d11764dcc1654db53388a4e188352) Importer(815301076,1909f56bfc062723c751e8b465ee728b)
Start importing Assets/Prefabs/Obstacles/Brick.prefab using Guid(399d11764dcc1654db53388a4e188352) Importer(815301076,1909f56bfc062723c751e8b465ee728b)  -> (artifact id: 'd318f16b6e23b08a1e4263e7d95cf60f') in 0.018425 seconds
  Import took 0.020574 seconds .

========================================================================
Received Import Request.
  Time since last request: 0.000177 seconds.
  path: Assets/Prefabs/Obstacles/Wall_2.prefab
  artifactKey: Guid(0becdbc27793f084d96ff50e8654a0bd) Importer(815301076,1909f56bfc062723c751e8b465ee728b)
Start importing Assets/Prefabs/Obstacles/Wall_2.prefab using Guid(0becdbc27793f084d96ff50e8654a0bd) Importer(815301076,1909f56bfc062723c751e8b465ee728b)  -> (artifact id: '7eb2505ade666a19c14b804a25e8c3b7') in 0.013096 seconds
  Import took 0.015433 seconds .

========================================================================
Received Import Request.
  Time since last request: 0.000177 seconds.
  path: Assets/Prefabs/Obstacles/Car.prefab
  artifactKey: Guid(f3ca853595868c44fa41830d51f01273) Importer(815301076,1909f56bfc062723c751e8b465ee728b)
Start importing Assets/Prefabs/Obstacles/Car.prefab using Guid(f3ca853595868c44fa41830d51f01273) Importer(815301076,1909f56bfc062723c751e8b465ee728b)  -> (artifact id: '1af3e9832311efd8ccdb4efc68b378f0') in 0.012600 seconds
  Import took 0.014774 seconds .

========================================================================
Received Import Request.
  Time since last request: 0.000233 seconds.
  path: Assets/Prefabs/Obstacles/Debris_1.prefab
  artifactKey: Guid(a1ceb8f04231308488c5b4253b2e19e0) Importer(815301076,1909f56bfc062723c751e8b465ee728b)
Start importing Assets/Prefabs/Obstacles/Debris_1.prefab using Guid(a1ceb8f04231308488c5b4253b2e19e0) Importer(815301076,1909f56bfc062723c751e8b465ee728b)  -> (artifact id: 'a3a57e956f582d50a369603a041c9fb1') in 0.011619 seconds
  Import took 0.013870 seconds .

========================================================================
Received Import Request.
  Time since last request: 0.000193 seconds.
  path: Assets/Prefabs/Obstacles/Debris_3.prefab
  artifactKey: Guid(0b3b93ae392695e4192b619aeafdc8cb) Importer(815301076,1909f56bfc062723c751e8b465ee728b)
Start importing Assets/Prefabs/Obstacles/Debris_3.prefab using Guid(0b3b93ae392695e4192b619aeafdc8cb) Importer(815301076,1909f56bfc062723c751e8b465ee728b)  -> (artifact id: '8a11516063d402a16bb06c433566cbc6') in 0.013406 seconds
  Import took 0.015401 seconds .

========================================================================
Received Import Request.
  Time since last request: 0.000233 seconds.
  path: Assets/Prefabs/Obstacles/Debris_2.prefab
  artifactKey: Guid(18a6b8383f6cf304e9f7e98e12641642) Importer(815301076,1909f56bfc062723c751e8b465ee728b)
Start importing Assets/Prefabs/Obstacles/Debris_2.prefab using Guid(18a6b8383f6cf304e9f7e98e12641642) Importer(815301076,1909f56bfc062723c751e8b465ee728b)  -> (artifact id: 'bd31d9c463255cd46b9f8c30bb037306') in 0.019242 seconds
  Import took 0.021499 seconds .

========================================================================
Received Prepare
Registering precompiled user dll's ...
Registered in 0.000868 seconds.
Begin MonoManager ReloadAssembly
Native extension for WindowsStandalone target not found
Native extension for WebGL target not found
Refreshing native plugins compatible for Editor in 0.22 ms, found 0 plugins.
Preloading 0 native plugins for Editor in 0.00 ms.
Invoked RoslynAnalysisRunner static constructor.
RoslynAnalysisRunner will not be running.
RoslynAnalysisRunner has terminated.
Mono: successfully reloaded assembly
- Completed reload, in  0.913 seconds
Platform modules already initialized, skipping
Refreshing native plugins compatible for Editor in 0.23 ms, found 0 plugins.
Preloading 0 native plugins for Editor in 0.00 ms.
Unloading 1111 Unused Serialized files (Serialized files now loaded: 0)
System memory in use before: 63.3 MB.
System memory in use after: 63.4 MB.

Unloading 5 unused Assets to reduce memory usage. Loaded Objects now: 1666.
Total: 1.841600 ms (FindLiveObjects: 0.174400 ms CreateObjectMapping: 0.031900 ms MarkObjects: 1.574500 ms  DeleteObjects: 0.059800 ms)

========================================================================
Received Prepare
Registering precompiled user dll's ...
Registered in 0.001039 seconds.
Begin MonoManager ReloadAssembly
Native extension for WindowsStandalone target not found
Native extension for WebGL target not found
Refreshing native plugins compatible for Editor in 0.23 ms, found 0 plugins.
Preloading 0 native plugins for Editor in 0.00 ms.
Invoked RoslynAnalysisRunner static constructor.
RoslynAnalysisRunner will not be running.
RoslynAnalysisRunner has terminated.
Mono: successfully reloaded assembly
- Completed reload, in  0.910 seconds
Platform modules already initialized, skipping
Refreshing native plugins compatible for Editor in 0.24 ms, found 0 plugins.
Preloading 0 native plugins for Editor in 0.00 ms.
Unloading 1111 Unused Serialized files (Serialized files now loaded: 0)
System memory in use before: 63.3 MB.
System memory in use after: 63.4 MB.

Unloading 5 unused Assets to reduce memory usage. Loaded Objects now: 1669.
Total: 1.786400 ms (FindLiveObjects: 0.170700 ms CreateObjectMapping: 0.030000 ms MarkObjects: 1.524100 ms  DeleteObjects: 0.060600 ms)

========================================================================
Received Prepare
Registering precompiled user dll's ...
Registered in 0.000894 seconds.
Begin MonoManager ReloadAssembly
Native extension for WindowsStandalone target not found
Native extension for WebGL target not found
Refreshing native plugins compatible for Editor in 0.23 ms, found 0 plugins.
Preloading 0 native plugins for Editor in 0.00 ms.
Invoked RoslynAnalysisRunner static constructor.
RoslynAnalysisRunner will not be running.
RoslynAnalysisRunner has terminated.
Mono: successfully reloaded assembly
- Completed reload, in  0.916 seconds
Platform modules already initialized, skipping
Refreshing native plugins compatible for Editor in 0.23 ms, found 0 plugins.
Preloading 0 native plugins for Editor in 0.00 ms.
Unloading 1111 Unused Serialized files (Serialized files now loaded: 0)
System memory in use before: 63.3 MB.
System memory in use after: 63.4 MB.

Unloading 5 unused Assets to reduce memory usage. Loaded Objects now: 1672.
Total: 1.973100 ms (FindLiveObjects: 0.183000 ms CreateObjectMapping: 0.033400 ms MarkObjects: 1.691000 ms  DeleteObjects: 0.064600 ms)

========================================================================
Received Prepare
Registering precompiled user dll's ...
Registered in 0.000962 seconds.
Begin MonoManager ReloadAssembly
Native extension for WindowsStandalone target not found
Native extension for WebGL target not found
Refreshing native plugins compatible for Editor in 0.23 ms, found 0 plugins.
Preloading 0 native plugins for Editor in 0.00 ms.
Invoked RoslynAnalysisRunner static constructor.
RoslynAnalysisRunner will not be running.
RoslynAnalysisRunner has terminated.
Mono: successfully reloaded assembly
- Completed reload, in  0.917 seconds
Platform modules already initialized, skipping
Refreshing native plugins compatible for Editor in 0.23 ms, found 0 plugins.
Preloading 0 native plugins for Editor in 0.00 ms.
Unloading 1111 Unused Serialized files (Serialized files now loaded: 0)
System memory in use before: 63.3 MB.
System memory in use after: 63.4 MB.

Unloading 5 unused Assets to reduce memory usage. Loaded Objects now: 1675.
Total: 1.826800 ms (FindLiveObjects: 0.169200 ms CreateObjectMapping: 0.031800 ms MarkObjects: 1.565300 ms  DeleteObjects: 0.059500 ms)

========================================================================
Received Prepare
Registering precompiled user dll's ...
Registered in 0.000951 seconds.
Begin MonoManager ReloadAssembly
Native extension for WindowsStandalone target not found
Native extension for WebGL target not found
Refreshing native plugins compatible for Editor in 0.27 ms, found 0 plugins.
Preloading 0 native plugins for Editor in 0.00 ms.
Invoked RoslynAnalysisRunner static constructor.
RoslynAnalysisRunner will not be running.
RoslynAnalysisRunner has terminated.
Mono: successfully reloaded assembly
- Completed reload, in  0.902 seconds
Platform modules already initialized, skipping
Refreshing native plugins compatible for Editor in 0.22 ms, found 0 plugins.
Preloading 0 native plugins for Editor in 0.00 ms.
Unloading 1111 Unused Serialized files (Serialized files now loaded: 0)
System memory in use before: 63.3 MB.
System memory in use after: 63.4 MB.

Unloading 5 unused Assets to reduce memory usage. Loaded Objects now: 1678.
Total: 1.942100 ms (FindLiveObjects: 0.234200 ms CreateObjectMapping: 0.032700 ms MarkObjects: 1.610700 ms  DeleteObjects: 0.063000 ms)

========================================================================
Received Prepare
Registering precompiled user dll's ...
Registered in 0.000928 seconds.
Begin MonoManager ReloadAssembly
Native extension for WindowsStandalone target not found
Native extension for WebGL target not found
Refreshing native plugins compatible for Editor in 0.23 ms, found 0 plugins.
Preloading 0 native plugins for Editor in 0.00 ms.
Invoked RoslynAnalysisRunner static constructor.
RoslynAnalysisRunner will not be running.
RoslynAnalysisRunner has terminated.
Mono: successfully reloaded assembly
- Completed reload, in  0.919 seconds
Platform modules already initialized, skipping
Refreshing native plugins compatible for Editor in 0.24 ms, found 0 plugins.
Preloading 0 native plugins for Editor in 0.00 ms.
Unloading 1111 Unused Serialized files (Serialized files now loaded: 0)
System memory in use before: 63.3 MB.
System memory in use after: 63.4 MB.

Unloading 5 unused Assets to reduce memory usage. Loaded Objects now: 1681.
Total: 1.854800 ms (FindLiveObjects: 0.185500 ms CreateObjectMapping: 0.032100 ms MarkObjects: 1.576100 ms  DeleteObjects: 0.060100 ms)

========================================================================
Received Prepare
Registering precompiled user dll's ...
Registered in 0.000857 seconds.
Begin MonoManager ReloadAssembly
Native extension for WindowsStandalone target not found
Native extension for WebGL target not found
Refreshing native plugins compatible for Editor in 0.23 ms, found 0 plugins.
Preloading 0 native plugins for Editor in 0.00 ms.
Invoked RoslynAnalysisRunner static constructor.
RoslynAnalysisRunner will not be running.
RoslynAnalysisRunner has terminated.
Mono: successfully reloaded assembly
- Completed reload, in  0.885 seconds
Platform modules already initialized, skipping
Refreshing native plugins compatible for Editor in 0.24 ms, found 0 plugins.
Preloading 0 native plugins for Editor in 0.00 ms.
Unloading 1111 Unused Serialized files (Serialized files now loaded: 0)
System memory in use before: 63.3 MB.
System memory in use after: 63.4 MB.

Unloading 5 unused Assets to reduce memory usage. Loaded Objects now: 1684.
Total: 1.877600 ms (FindLiveObjects: 0.183400 ms CreateObjectMapping: 0.033800 ms MarkObjects: 1.598200 ms  DeleteObjects: 0.060600 ms)

========================================================================
Received Prepare
Registering precompiled user dll's ...
Registered in 0.000865 seconds.
Begin MonoManager ReloadAssembly
Native extension for WindowsStandalone target not found
Native extension for WebGL target not found
Refreshing native plugins compatible for Editor in 0.23 ms, found 0 plugins.
Preloading 0 native plugins for Editor in 0.00 ms.
Invoked RoslynAnalysisRunner static constructor.
RoslynAnalysisRunner will not be running.
RoslynAnalysisRunner has terminated.
Mono: successfully reloaded assembly
- Completed reload, in  0.907 seconds
Platform modules already initialized, skipping
Refreshing native plugins compatible for Editor in 0.22 ms, found 0 plugins.
Preloading 0 native plugins for Editor in 0.00 ms.
Unloading 1111 Unused Serialized files (Serialized files now loaded: 0)
System memory in use before: 63.3 MB.
System memory in use after: 63.4 MB.

Unloading 5 unused Assets to reduce memory usage. Loaded Objects now: 1687.
Total: 1.838300 ms (FindLiveObjects: 0.163900 ms CreateObjectMapping: 0.031900 ms MarkObjects: 1.580600 ms  DeleteObjects: 0.060700 ms)

========================================================================
Received Prepare
Registering precompiled user dll's ...
Registered in 0.000890 seconds.
Begin MonoManager ReloadAssembly
Native extension for WindowsStandalone target not found
Native extension for WebGL target not found
Refreshing native plugins compatible for Editor in 0.23 ms, found 0 plugins.
Preloading 0 native plugins for Editor in 0.00 ms.
Invoked RoslynAnalysisRunner static constructor.
RoslynAnalysisRunner will not be running.
RoslynAnalysisRunner has terminated.
Mono: successfully reloaded assembly
- Completed reload, in  0.910 seconds
Platform modules already initialized, skipping
Refreshing native plugins compatible for Editor in 0.24 ms, found 0 plugins.
Preloading 0 native plugins for Editor in 0.00 ms.
Unloading 1111 Unused Serialized files (Serialized files now loaded: 0)
System memory in use before: 63.3 MB.
System memory in use after: 63.4 MB.

Unloading 5 unused Assets to reduce memory usage. Loaded Objects now: 1690.
Total: 1.868300 ms (FindLiveObjects: 0.176700 ms CreateObjectMapping: 0.030900 ms MarkObjects: 1.593800 ms  DeleteObjects: 0.066000 ms)

========================================================================
Received Prepare
Registering precompiled user dll's ...
Registered in 0.000837 seconds.
Begin MonoManager ReloadAssembly
Native extension for WindowsStandalone target not found
Native extension for WebGL target not found
Refreshing native plugins compatible for Editor in 0.23 ms, found 0 plugins.
Preloading 0 native plugins for Editor in 0.00 ms.
Invoked RoslynAnalysisRunner static constructor.
RoslynAnalysisRunner will not be running.
RoslynAnalysisRunner has terminated.
Mono: successfully reloaded assembly
- Completed reload, in  0.935 seconds
Platform modules already initialized, skipping
Refreshing native plugins compatible for Editor in 0.22 ms, found 0 plugins.
Preloading 0 native plugins for Editor in 0.00 ms.
Unloading 1111 Unused Serialized files (Serialized files now loaded: 0)
System memory in use before: 63.4 MB.
System memory in use after: 63.4 MB.

Unloading 5 unused Assets to reduce memory usage. Loaded Objects now: 1693.
Total: 2.192000 ms (FindLiveObjects: 0.277700 ms CreateObjectMapping: 0.048500 ms MarkObjects: 1.800100 ms  DeleteObjects: 0.064000 ms)

========================================================================
Received Prepare
Registering precompiled user dll's ...
Registered in 0.000875 seconds.
Begin MonoManager ReloadAssembly
Native extension for WindowsStandalone target not found
Native extension for WebGL target not found
Refreshing native plugins compatible for Editor in 0.24 ms, found 0 plugins.
Preloading 0 native plugins for Editor in 0.00 ms.
Invoked RoslynAnalysisRunner static constructor.
RoslynAnalysisRunner will not be running.
RoslynAnalysisRunner has terminated.
Mono: successfully reloaded assembly
- Completed reload, in  0.915 seconds
Platform modules already initialized, skipping
Refreshing native plugins compatible for Editor in 0.22 ms, found 0 plugins.
Preloading 0 native plugins for Editor in 0.00 ms.
Unloading 1111 Unused Serialized files (Serialized files now loaded: 0)
System memory in use before: 63.4 MB.
System memory in use after: 63.4 MB.

Unloading 5 unused Assets to reduce memory usage. Loaded Objects now: 1696.
Total: 1.849900 ms (FindLiveObjects: 0.180700 ms CreateObjectMapping: 0.031600 ms MarkObjects: 1.571100 ms  DeleteObjects: 0.065400 ms)

========================================================================
Received Prepare
Registering precompiled user dll's ...
Registered in 0.000897 seconds.
Begin MonoManager ReloadAssembly
Native extension for WindowsStandalone target not found
Native extension for WebGL target not found
Refreshing native plugins compatible for Editor in 0.23 ms, found 0 plugins.
Preloading 0 native plugins for Editor in 0.00 ms.
Invoked RoslynAnalysisRunner static constructor.
RoslynAnalysisRunner will not be running.
RoslynAnalysisRunner has terminated.
Mono: successfully reloaded assembly
- Completed reload, in  0.917 seconds
Platform modules already initialized, skipping
Refreshing native plugins compatible for Editor in 0.22 ms, found 0 plugins.
Preloading 0 native plugins for Editor in 0.00 ms.
Unloading 1111 Unused Serialized files (Serialized files now loaded: 0)
System memory in use before: 63.4 MB.
System memory in use after: 63.4 MB.

Unloading 5 unused Assets to reduce memory usage. Loaded Objects now: 1699.
Total: 1.858000 ms (FindLiveObjects: 0.179300 ms CreateObjectMapping: 0.033100 ms MarkObjects: 1.586400 ms  DeleteObjects: 0.058000 ms)

========================================================================
Received Import Request.
  Time since last request: 760.240108 seconds.
  path: Assets/Prefabs/Obstacles/Brick.prefab
  artifactKey: Guid(399d11764dcc1654db53388a4e188352) Importer(815301076,1909f56bfc062723c751e8b465ee728b)
Start importing Assets/Prefabs/Obstacles/Brick.prefab using Guid(399d11764dcc1654db53388a4e188352) Importer(815301076,1909f56bfc062723c751e8b465ee728b)  -> (artifact id: '6ea15d31796721fe49ebcbba4aa0aa35') in 0.066530 seconds
  Import took 0.069018 seconds .

========================================================================
Received Import Request.
  Time since last request: 0.000180 seconds.
  path: Assets/Prefabs/Obstacles/Wall_1.prefab
  artifactKey: Guid(46afc4d12978f524087b3c88e0f39293) Importer(815301076,1909f56bfc062723c751e8b465ee728b)
Start importing Assets/Prefabs/Obstacles/Wall_1.prefab using Guid(46afc4d12978f524087b3c88e0f39293) Importer(815301076,1909f56bfc062723c751e8b465ee728b)  -> (artifact id: '87345c7d23e5b20fea3a5fd2701c1b1e') in 0.012462 seconds
  Import took 0.014431 seconds .

========================================================================
Received Import Request.
  Time since last request: 0.000226 seconds.
  path: Assets/Prefabs/Obstacles/Wall_3.prefab
  artifactKey: Guid(6d71b36120f95b54abacbe8294497c7f) Importer(815301076,1909f56bfc062723c751e8b465ee728b)
Start importing Assets/Prefabs/Obstacles/Wall_3.prefab using Guid(6d71b36120f95b54abacbe8294497c7f) Importer(815301076,1909f56bfc062723c751e8b465ee728b)  -> (artifact id: 'c5dd5be40bfedbdb4efc598bd3e88ec7') in 0.016247 seconds
  Import took 0.018332 seconds .

========================================================================
Received Import Request.
  Time since last request: 0.000248 seconds.
  path: Assets/Prefabs/Obstacles/Wall_2.prefab
  artifactKey: Guid(0becdbc27793f084d96ff50e8654a0bd) Importer(815301076,1909f56bfc062723c751e8b465ee728b)
Start importing Assets/Prefabs/Obstacles/Wall_2.prefab using Guid(0becdbc27793f084d96ff50e8654a0bd) Importer(815301076,1909f56bfc062723c751e8b465ee728b)  -> (artifact id: '7edaf4b8c0ecf9c15db4dee87846f50a') in 0.017738 seconds
  Import took 0.020024 seconds .

========================================================================
Received Import Request.
  Time since last request: 0.000206 seconds.
  path: Assets/Prefabs/Obstacles/Car.prefab
  artifactKey: Guid(f3ca853595868c44fa41830d51f01273) Importer(815301076,1909f56bfc062723c751e8b465ee728b)
Start importing Assets/Prefabs/Obstacles/Car.prefab using Guid(f3ca853595868c44fa41830d51f01273) Importer(815301076,1909f56bfc062723c751e8b465ee728b)  -> (artifact id: '19249c44b88a73ac0d917139f3d39d82') in 0.012743 seconds
  Import took 0.014730 seconds .

========================================================================
Received Import Request.
  Time since last request: 0.000202 seconds.
  path: Assets/Prefabs/Obstacles/Debris_1.prefab
  artifactKey: Guid(a1ceb8f04231308488c5b4253b2e19e0) Importer(815301076,1909f56bfc062723c751e8b465ee728b)
Start importing Assets/Prefabs/Obstacles/Debris_1.prefab using Guid(a1ceb8f04231308488c5b4253b2e19e0) Importer(815301076,1909f56bfc062723c751e8b465ee728b)  -> (artifact id: 'dc557577f856cdc95497825f78621388') in 0.011877 seconds
  Import took 0.014080 seconds .

========================================================================
Received Import Request.
  Time since last request: 0.000174 seconds.
  path: Assets/Prefabs/Obstacles/Debris_3.prefab
  artifactKey: Guid(0b3b93ae392695e4192b619aeafdc8cb) Importer(815301076,1909f56bfc062723c751e8b465ee728b)
Start importing Assets/Prefabs/Obstacles/Debris_3.prefab using Guid(0b3b93ae392695e4192b619aeafdc8cb) Importer(815301076,1909f56bfc062723c751e8b465ee728b)  -> (artifact id: 'ebfbebbb692ac94068c4b8ab6003ee88') in 0.013640 seconds
  Import took 0.015986 seconds .

========================================================================
Received Import Request.
  Time since last request: 0.000195 seconds.
  path: Assets/Prefabs/Obstacles/Debris_2.prefab
  artifactKey: Guid(18a6b8383f6cf304e9f7e98e12641642) Importer(815301076,1909f56bfc062723c751e8b465ee728b)
Start importing Assets/Prefabs/Obstacles/Debris_2.prefab using Guid(18a6b8383f6cf304e9f7e98e12641642) Importer(815301076,1909f56bfc062723c751e8b465ee728b)  -> (artifact id: 'b7a24e93a17d8f547e0ffe4583b62c25') in 0.016973 seconds
  Import took 0.019327 seconds .

========================================================================
Received Import Request.
  Time since last request: 0.005306 seconds.
  path: Assets/Prefabs/Obstacles/Debris_2.prefab
  artifactKey: Guid(18a6b8383f6cf304e9f7e98e12641642) Importer(815301076,1909f56bfc062723c751e8b465ee728b)
Start importing Assets/Prefabs/Obstacles/Debris_2.prefab using Guid(18a6b8383f6cf304e9f7e98e12641642) Importer(815301076,1909f56bfc062723c751e8b465ee728b)  -> (artifact id: 'b7a24e93a17d8f547e0ffe4583b62c25') in 0.024181 seconds
  Import took 0.026442 seconds .

========================================================================
Received Prepare
Registering precompiled user dll's ...
Registered in 0.000871 seconds.
Begin MonoManager ReloadAssembly
Native extension for WindowsStandalone target not found
Native extension for WebGL target not found
Refreshing native plugins compatible for Editor in 0.24 ms, found 0 plugins.
Preloading 0 native plugins for Editor in 0.00 ms.
Invoked RoslynAnalysisRunner static constructor.
RoslynAnalysisRunner will not be running.
RoslynAnalysisRunner has terminated.
Mono: successfully reloaded assembly
- Completed reload, in  0.910 seconds
Platform modules already initialized, skipping
Refreshing native plugins compatible for Editor in 0.22 ms, found 0 plugins.
Preloading 0 native plugins for Editor in 0.00 ms.
Unloading 1111 Unused Serialized files (Serialized files now loaded: 0)
System memory in use before: 63.4 MB.
System memory in use after: 63.5 MB.

Unloading 5 unused Assets to reduce memory usage. Loaded Objects now: 1703.
Total: 1.904800 ms (FindLiveObjects: 0.197800 ms CreateObjectMapping: 0.031800 ms MarkObjects: 1.614000 ms  DeleteObjects: 0.059900 ms)

========================================================================
Received Prepare
Registering precompiled user dll's ...
Registered in 0.000914 seconds.
Begin MonoManager ReloadAssembly
Native extension for WindowsStandalone target not found
Native extension for WebGL target not found
Refreshing native plugins compatible for Editor in 0.23 ms, found 0 plugins.
Preloading 0 native plugins for Editor in 0.00 ms.
Invoked RoslynAnalysisRunner static constructor.
RoslynAnalysisRunner will not be running.
RoslynAnalysisRunner has terminated.
Mono: successfully reloaded assembly
- Completed reload, in  0.911 seconds
Platform modules already initialized, skipping
Refreshing native plugins compatible for Editor in 0.22 ms, found 0 plugins.
Preloading 0 native plugins for Editor in 0.00 ms.
Unloading 1111 Unused Serialized files (Serialized files now loaded: 0)
System memory in use before: 63.4 MB.
System memory in use after: 63.5 MB.

Unloading 5 unused Assets to reduce memory usage. Loaded Objects now: 1706.
Total: 1.876800 ms (FindLiveObjects: 0.178600 ms CreateObjectMapping: 0.031500 ms MarkObjects: 1.600200 ms  DeleteObjects: 0.065300 ms)

========================================================================
Received Prepare
Registering precompiled user dll's ...
Registered in 0.000906 seconds.
Begin MonoManager ReloadAssembly
Native extension for WindowsStandalone target not found
Native extension for WebGL target not found
Refreshing native plugins compatible for Editor in 0.23 ms, found 0 plugins.
Preloading 0 native plugins for Editor in 0.00 ms.
Invoked RoslynAnalysisRunner static constructor.
RoslynAnalysisRunner will not be running.
RoslynAnalysisRunner has terminated.
Mono: successfully reloaded assembly
- Completed reload, in  0.913 seconds
Platform modules already initialized, skipping
Refreshing native plugins compatible for Editor in 0.23 ms, found 0 plugins.
Preloading 0 native plugins for Editor in 0.00 ms.
Unloading 1111 Unused Serialized files (Serialized files now loaded: 0)
System memory in use before: 63.4 MB.
System memory in use after: 63.5 MB.

Unloading 5 unused Assets to reduce memory usage. Loaded Objects now: 1709.
Total: 1.827400 ms (FindLiveObjects: 0.174800 ms CreateObjectMapping: 0.031000 ms MarkObjects: 1.557500 ms  DeleteObjects: 0.063100 ms)

========================================================================
Received Prepare
Registering precompiled user dll's ...
Registered in 0.000913 seconds.
Begin MonoManager ReloadAssembly
Native extension for WindowsStandalone target not found
Native extension for WebGL target not found
Refreshing native plugins compatible for Editor in 0.25 ms, found 0 plugins.
Preloading 0 native plugins for Editor in 0.00 ms.
Invoked RoslynAnalysisRunner static constructor.
RoslynAnalysisRunner will not be running.
RoslynAnalysisRunner has terminated.
Mono: successfully reloaded assembly
- Completed reload, in  0.898 seconds
Platform modules already initialized, skipping
Refreshing native plugins compatible for Editor in 0.23 ms, found 0 plugins.
Preloading 0 native plugins for Editor in 0.00 ms.
Unloading 1111 Unused Serialized files (Serialized files now loaded: 0)
System memory in use before: 63.4 MB.
System memory in use after: 63.5 MB.

Unloading 5 unused Assets to reduce memory usage. Loaded Objects now: 1712.
Total: 1.990900 ms (FindLiveObjects: 0.192600 ms CreateObjectMapping: 0.032900 ms MarkObjects: 1.694200 ms  DeleteObjects: 0.070100 ms)

========================================================================
Received Import Request.
  Time since last request: 977.096768 seconds.
  path: Assets/Scenes
  artifactKey: Guid(b56532225602e4d42a9df2a92bb61769) Importer(815301076,1909f56bfc062723c751e8b465ee728b)
Start importing Assets/Scenes using Guid(b56532225602e4d42a9df2a92bb61769) Importer(815301076,1909f56bfc062723c751e8b465ee728b)  -> (artifact id: '255bc1c7b346e1d962ff19e437cf55c6') in 0.011833 seconds
  Import took 0.014142 seconds .

========================================================================
Received Import Request.
  Time since last request: 0.848917 seconds.
  path: Assets/Scenes/SampleScene.unity
  artifactKey: Guid(9fc0d4010bbf28b4594072e72b8655ab) Importer(815301076,1909f56bfc062723c751e8b465ee728b)
Start importing Assets/Scenes/SampleScene.unity using Guid(9fc0d4010bbf28b4594072e72b8655ab) Importer(815301076,1909f56bfc062723c751e8b465ee728b)  -> (artifact id: '00765430efce219db38aa44f552da695') in 0.016653 seconds
  Import took 0.018766 seconds .

========================================================================
Received Prepare
Registering precompiled user dll's ...
Registered in 0.000887 seconds.
Begin MonoManager ReloadAssembly
Native extension for WindowsStandalone target not found
Native extension for WebGL target not found
Refreshing native plugins compatible for Editor in 0.23 ms, found 0 plugins.
Preloading 0 native plugins for Editor in 0.00 ms.
Invoked RoslynAnalysisRunner static constructor.
RoslynAnalysisRunner will not be running.
RoslynAnalysisRunner has terminated.
Mono: successfully reloaded assembly
- Completed reload, in  0.906 seconds
Platform modules already initialized, skipping
Refreshing native plugins compatible for Editor in 0.23 ms, found 0 plugins.
Preloading 0 native plugins for Editor in 0.00 ms.
Unloading 1111 Unused Serialized files (Serialized files now loaded: 0)
System memory in use before: 63.4 MB.
System memory in use after: 63.5 MB.

Unloading 5 unused Assets to reduce memory usage. Loaded Objects now: 1715.
Total: 2.020800 ms (FindLiveObjects: 0.225200 ms CreateObjectMapping: 0.034000 ms MarkObjects: 1.680400 ms  DeleteObjects: 0.079600 ms)

========================================================================
Received Prepare
Registering precompiled user dll's ...
Registered in 0.000907 seconds.
Begin MonoManager ReloadAssembly
Native extension for WindowsStandalone target not found
Native extension for WebGL target not found
Refreshing native plugins compatible for Editor in 0.23 ms, found 0 plugins.
Preloading 0 native plugins for Editor in 0.00 ms.
Invoked RoslynAnalysisRunner static constructor.
RoslynAnalysisRunner will not be running.
RoslynAnalysisRunner has terminated.
Mono: successfully reloaded assembly
- Completed reload, in  0.908 seconds
Platform modules already initialized, skipping
Refreshing native plugins compatible for Editor in 0.22 ms, found 0 plugins.
Preloading 0 native plugins for Editor in 0.00 ms.
Unloading 1111 Unused Serialized files (Serialized files now loaded: 0)
System memory in use before: 63.4 MB.
System memory in use after: 63.5 MB.

Unloading 5 unused Assets to reduce memory usage. Loaded Objects now: 1718.
Total: 2.049500 ms (FindLiveObjects: 0.186700 ms CreateObjectMapping: 0.032300 ms MarkObjects: 1.761000 ms  DeleteObjects: 0.068400 ms)

========================================================================
Received Prepare
Registering precompiled user dll's ...
Registered in 0.000907 seconds.
Begin MonoManager ReloadAssembly
Native extension for WindowsStandalone target not found
Native extension for WebGL target not found
Refreshing native plugins compatible for Editor in 0.23 ms, found 0 plugins.
Preloading 0 native plugins for Editor in 0.00 ms.
Invoked RoslynAnalysisRunner static constructor.
RoslynAnalysisRunner will not be running.
RoslynAnalysisRunner has terminated.
Mono: successfully reloaded assembly
- Completed reload, in  0.944 seconds
Platform modules already initialized, skipping
Refreshing native plugins compatible for Editor in 0.25 ms, found 0 plugins.
Preloading 0 native plugins for Editor in 0.00 ms.
Unloading 1111 Unused Serialized files (Serialized files now loaded: 0)
System memory in use before: 63.4 MB.
System memory in use after: 63.5 MB.

Unloading 5 unused Assets to reduce memory usage. Loaded Objects now: 1721.
Total: 1.880900 ms (FindLiveObjects: 0.168700 ms CreateObjectMapping: 0.032000 ms MarkObjects: 1.615700 ms  DeleteObjects: 0.063300 ms)

========================================================================
Received Prepare
Registering precompiled user dll's ...
Registered in 0.000862 seconds.
Begin MonoManager ReloadAssembly
Native extension for WindowsStandalone target not found
Native extension for WebGL target not found
Refreshing native plugins compatible for Editor in 0.23 ms, found 0 plugins.
Preloading 0 native plugins for Editor in 0.00 ms.
Invoked RoslynAnalysisRunner static constructor.
RoslynAnalysisRunner will not be running.
RoslynAnalysisRunner has terminated.
Mono: successfully reloaded assembly
- Completed reload, in  0.891 seconds
Platform modules already initialized, skipping
Refreshing native plugins compatible for Editor in 0.26 ms, found 0 plugins.
Preloading 0 native plugins for Editor in 0.00 ms.
Unloading 1111 Unused Serialized files (Serialized files now loaded: 0)
System memory in use before: 63.4 MB.
System memory in use after: 63.5 MB.

Unloading 5 unused Assets to reduce memory usage. Loaded Objects now: 1724.
Total: 2.120400 ms (FindLiveObjects: 0.269900 ms CreateObjectMapping: 0.046600 ms MarkObjects: 1.733100 ms  DeleteObjects: 0.069800 ms)

========================================================================
Received Prepare
Registering precompiled user dll's ...
Registered in 0.000825 seconds.
Begin MonoManager ReloadAssembly
Native extension for WindowsStandalone target not found
Native extension for WebGL target not found
Refreshing native plugins compatible for Editor in 0.23 ms, found 0 plugins.
Preloading 0 native plugins for Editor in 0.00 ms.
Invoked RoslynAnalysisRunner static constructor.
RoslynAnalysisRunner will not be running.
RoslynAnalysisRunner has terminated.
Mono: successfully reloaded assembly
- Completed reload, in  0.883 seconds
Platform modules already initialized, skipping
Refreshing native plugins compatible for Editor in 0.22 ms, found 0 plugins.
Preloading 0 native plugins for Editor in 0.00 ms.
Unloading 1111 Unused Serialized files (Serialized files now loaded: 0)
System memory in use before: 63.4 MB.
System memory in use after: 63.5 MB.

Unloading 5 unused Assets to reduce memory usage. Loaded Objects now: 1727.
Total: 2.053200 ms (FindLiveObjects: 0.194100 ms CreateObjectMapping: 0.033500 ms MarkObjects: 1.755100 ms  DeleteObjects: 0.069200 ms)

========================================================================
Received Import Request.
  Time since last request: 186.201563 seconds.
  path: Assets/Scenes/SampleScene.unity
  artifactKey: Guid(9fc0d4010bbf28b4594072e72b8655ab) Importer(815301076,1909f56bfc062723c751e8b465ee728b)
Start importing Assets/Scenes/SampleScene.unity using Guid(9fc0d4010bbf28b4594072e72b8655ab) Importer(815301076,1909f56bfc062723c751e8b465ee728b)  -> (artifact id: '408248ee1083be4547139f828377f142') in 0.014864 seconds
  Import took 0.017060 seconds .

========================================================================
Received Prepare
Registering precompiled user dll's ...
Registered in 0.000872 seconds.
Begin MonoManager ReloadAssembly
Native extension for WindowsStandalone target not found
Native extension for WebGL target not found
Refreshing native plugins compatible for Editor in 0.23 ms, found 0 plugins.
Preloading 0 native plugins for Editor in 0.00 ms.
Invoked RoslynAnalysisRunner static constructor.
RoslynAnalysisRunner will not be running.
RoslynAnalysisRunner has terminated.
Mono: successfully reloaded assembly
- Completed reload, in  0.897 seconds
Platform modules already initialized, skipping
Refreshing native plugins compatible for Editor in 0.23 ms, found 0 plugins.
Preloading 0 native plugins for Editor in 0.00 ms.
Unloading 1111 Unused Serialized files (Serialized files now loaded: 0)
System memory in use before: 63.4 MB.
System memory in use after: 63.5 MB.

Unloading 5 unused Assets to reduce memory usage. Loaded Objects now: 1730.
Total: 1.894600 ms (FindLiveObjects: 0.193900 ms CreateObjectMapping: 0.031600 ms MarkObjects: 1.605900 ms  DeleteObjects: 0.062200 ms)

========================================================================
Received Prepare
Registering precompiled user dll's ...
Registered in 0.000902 seconds.
Begin MonoManager ReloadAssembly
Native extension for WindowsStandalone target not found
Native extension for WebGL target not found
Refreshing native plugins compatible for Editor in 0.23 ms, found 0 plugins.
Preloading 0 native plugins for Editor in 0.00 ms.
Invoked RoslynAnalysisRunner static constructor.
RoslynAnalysisRunner will not be running.
RoslynAnalysisRunner has terminated.
Mono: successfully reloaded assembly
- Completed reload, in  0.917 seconds
Platform modules already initialized, skipping
Refreshing native plugins compatible for Editor in 0.22 ms, found 0 plugins.
Preloading 0 native plugins for Editor in 0.00 ms.
Unloading 1111 Unused Serialized files (Serialized files now loaded: 0)
System memory in use before: 63.4 MB.
System memory in use after: 63.5 MB.

Unloading 5 unused Assets to reduce memory usage. Loaded Objects now: 1733.
Total: 1.970300 ms (FindLiveObjects: 0.268300 ms CreateObjectMapping: 0.047100 ms MarkObjects: 1.592200 ms  DeleteObjects: 0.061900 ms)

========================================================================
Received Prepare
Registering precompiled user dll's ...
Registered in 0.000883 seconds.
Begin MonoManager ReloadAssembly
Native extension for WindowsStandalone target not found
Native extension for WebGL target not found
Refreshing native plugins compatible for Editor in 0.24 ms, found 0 plugins.
Preloading 0 native plugins for Editor in 0.00 ms.
Invoked RoslynAnalysisRunner static constructor.
RoslynAnalysisRunner will not be running.
RoslynAnalysisRunner has terminated.
Mono: successfully reloaded assembly
- Completed reload, in  0.894 seconds
Platform modules already initialized, skipping
Refreshing native plugins compatible for Editor in 0.24 ms, found 0 plugins.
Preloading 0 native plugins for Editor in 0.00 ms.
Unloading 1111 Unused Serialized files (Serialized files now loaded: 0)
System memory in use before: 63.4 MB.
System memory in use after: 63.5 MB.

Unloading 5 unused Assets to reduce memory usage. Loaded Objects now: 1736.
Total: 1.920300 ms (FindLiveObjects: 0.190200 ms CreateObjectMapping: 0.032500 ms MarkObjects: 1.634100 ms  DeleteObjects: 0.062100 ms)

AssetImportWorkerClient::OnTransportError - code=2 error=End of file
